{"uid":"3b233530bf4f0810","name":"Unsuccessful order creation with incorrect Postcode","fullName":"tests.purchaseFunction.PurchaseFunctionLoggedInUserTests.createOrderWithIncorrectPostcode","historyId":"26a60e722e15e4fbf5913d3a17064052","time":{"start":1763988248309,"stop":1763988260752,"duration":12443},"description":"","status":"broken","statusMessage":"Error {\n  message='Error: strict mode violation: locator(\"//div[@class='message-container container success-color medium-text-center']\") resolved to 2 elements:\n    1) <div class=\"message-container container success-color medium-text-center\">…</div> aka getByText(\"Kontodetails erfolgreich geä\")\n    2) <div class=\"message-container container success-color medium-text-center\">…</div> aka getByText(\"„Ziyadem Special – Hediyelik Lokum Baklava Kutusu“ wurde deinem Warenkorb\")\n\n  name='Error\n  stack='Error: Error: strict mode violation: locator(\"//div[@class='message-container container success-color medium-text-center']\") resolved to 2 elements:\n    1) <div class=\"message-container container success-color medium-text-center\">…</div> aka getByText(\"Kontodetails erfolgreich geä\")\n    2) <div class=\"message-container container success-color medium-text-center\">…</div> aka getByText(\"„Ziyadem Special – Hediyelik Lokum Baklava Kutusu“ wurde deinem Warenkorb\")\n\n    at CRExecutionContext.evaluateWithArguments (/tmp/playwright-java-5807119072770957653/package/lib/server/chromium/crExecutionContext.js:80:13)\n    at async LongStandingScope._race (/tmp/playwright-java-5807119072770957653/package/lib/utils/isomorphic/manualPromise.js:94:14)\n    at async evaluateExpression (/tmp/playwright-java-5807119072770957653/package/lib/server/javascript.js:217:12)\n    at async /tmp/playwright-java-5807119072770957653/package/lib/server/frames.js:621:22\n    at async Frame.retryWithProgressAndTimeouts (/tmp/playwright-java-5807119072770957653/package/lib/server/frames.js:871:24)\n    at async FrameDispatcher.waitForSelector (/tmp/playwright-java-5807119072770957653/package/lib/server/dispatchers/frameDispatcher.js:82:98)\n    at async ProgressController.run (/tmp/playwright-java-5807119072770957653/package/lib/server/progress.js:139:41)\n    at async FrameDispatcher._runCommand (/tmp/playwright-java-5807119072770957653/package/lib/server/dispatchers/dispatcher.js:91:14)\n    at async DispatcherConnection.dispatch (/tmp/playwright-java-5807119072770957653/package/lib/server/dispatchers/dispatcher.js:322:22)\n}\nCall log:\n-   - waiting for locator(\"//div[@class='message-container container success-color medium-text-center']\") to be visible\n","statusTrace":"com.microsoft.playwright.PlaywrightException: Error {\n  message='Error: strict mode violation: locator(\"//div[@class='message-container container success-color medium-text-center']\") resolved to 2 elements:\n    1) <div class=\"message-container container success-color medium-text-center\">…</div> aka getByText(\"Kontodetails erfolgreich geä\")\n    2) <div class=\"message-container container success-color medium-text-center\">…</div> aka getByText(\"„Ziyadem Special – Hediyelik Lokum Baklava Kutusu“ wurde deinem Warenkorb\")\n\n  name='Error\n  stack='Error: Error: strict mode violation: locator(\"//div[@class='message-container container success-color medium-text-center']\") resolved to 2 elements:\n    1) <div class=\"message-container container success-color medium-text-center\">…</div> aka getByText(\"Kontodetails erfolgreich geä\")\n    2) <div class=\"message-container container success-color medium-text-center\">…</div> aka getByText(\"„Ziyadem Special – Hediyelik Lokum Baklava Kutusu“ wurde deinem Warenkorb\")\n\n    at CRExecutionContext.evaluateWithArguments (/tmp/playwright-java-5807119072770957653/package/lib/server/chromium/crExecutionContext.js:80:13)\n    at async LongStandingScope._race (/tmp/playwright-java-5807119072770957653/package/lib/utils/isomorphic/manualPromise.js:94:14)\n    at async evaluateExpression (/tmp/playwright-java-5807119072770957653/package/lib/server/javascript.js:217:12)\n    at async /tmp/playwright-java-5807119072770957653/package/lib/server/frames.js:621:22\n    at async Frame.retryWithProgressAndTimeouts (/tmp/playwright-java-5807119072770957653/package/lib/server/frames.js:871:24)\n    at async FrameDispatcher.waitForSelector (/tmp/playwright-java-5807119072770957653/package/lib/server/dispatchers/frameDispatcher.js:82:98)\n    at async ProgressController.run (/tmp/playwright-java-5807119072770957653/package/lib/server/progress.js:139:41)\n    at async FrameDispatcher._runCommand (/tmp/playwright-java-5807119072770957653/package/lib/server/dispatchers/dispatcher.js:91:14)\n    at async DispatcherConnection.dispatch (/tmp/playwright-java-5807119072770957653/package/lib/server/dispatchers/dispatcher.js:322:22)\n}\nCall log:\n-   - waiting for locator(\"//div[@class='message-container container success-color medium-text-center']\") to be visible\n\n\tat com.microsoft.playwright.impl.WaitableResult.get(WaitableResult.java:56)\n\tat com.microsoft.playwright.impl.ChannelOwner.runUntil(ChannelOwner.java:138)\n\tat com.microsoft.playwright.impl.Connection.sendMessage(Connection.java:131)\n\tat com.microsoft.playwright.impl.ChannelOwner.sendMessage(ChannelOwner.java:124)\n\tat com.microsoft.playwright.impl.FrameImpl.waitForSelectorImpl(FrameImpl.java:985)\n\tat com.microsoft.playwright.impl.LocatorImpl.waitFor(LocatorImpl.java:625)\n\tat pages.BasePage.waitForVisibility(BasePage.java:40)\n\tat pages.productCategories.SpecialFlavorsCategoryPage.addProductToShoppingBag(SpecialFlavorsCategoryPage.java:51)\n\tat tests.purchaseFunction.PurchaseFunctionLoggedInUserTests.createOrderWithIncorrectPostcode(PurchaseFunctionLoggedInUserTests.java:88)\n\tat java.base/java.lang.reflect.Method.invoke(Method.java:580)\n\tat java.base/java.util.ArrayList.forEach(ArrayList.java:1596)\n\tat java.base/java.util.ArrayList.forEach(ArrayList.java:1596)\nCaused by: com.microsoft.playwright.impl.DriverException: Error {\n  message='Error: strict mode violation: locator(\"//div[@class='message-container container success-color medium-text-center']\") resolved to 2 elements:\n    1) <div class=\"message-container container success-color medium-text-center\">…</div> aka getByText(\"Kontodetails erfolgreich geä\")\n    2) <div class=\"message-container container success-color medium-text-center\">…</div> aka getByText(\"„Ziyadem Special – Hediyelik Lokum Baklava Kutusu“ wurde deinem Warenkorb\")\n\n  name='Error\n  stack='Error: Error: strict mode violation: locator(\"//div[@class='message-container container success-color medium-text-center']\") resolved to 2 elements:\n    1) <div class=\"message-container container success-color medium-text-center\">…</div> aka getByText(\"Kontodetails erfolgreich geä\")\n    2) <div class=\"message-container container success-color medium-text-center\">…</div> aka getByText(\"„Ziyadem Special – Hediyelik Lokum Baklava Kutusu“ wurde deinem Warenkorb\")\n\n    at CRExecutionContext.evaluateWithArguments (/tmp/playwright-java-5807119072770957653/package/lib/server/chromium/crExecutionContext.js:80:13)\n    at async LongStandingScope._race (/tmp/playwright-java-5807119072770957653/package/lib/utils/isomorphic/manualPromise.js:94:14)\n    at async evaluateExpression (/tmp/playwright-java-5807119072770957653/package/lib/server/javascript.js:217:12)\n    at async /tmp/playwright-java-5807119072770957653/package/lib/server/frames.js:621:22\n    at async Frame.retryWithProgressAndTimeouts (/tmp/playwright-java-5807119072770957653/package/lib/server/frames.js:871:24)\n    at async FrameDispatcher.waitForSelector (/tmp/playwright-java-5807119072770957653/package/lib/server/dispatchers/frameDispatcher.js:82:98)\n    at async ProgressController.run (/tmp/playwright-java-5807119072770957653/package/lib/server/progress.js:139:41)\n    at async FrameDispatcher._runCommand (/tmp/playwright-java-5807119072770957653/package/lib/server/dispatchers/dispatcher.js:91:14)\n    at async DispatcherConnection.dispatch (/tmp/playwright-java-5807119072770957653/package/lib/server/dispatchers/dispatcher.js:322:22)\n}\nCall log:\n-   - waiting for locator(\"//div[@class='message-container container success-color medium-text-center']\") to be visible\n\n\tat com.microsoft.playwright.impl.Connection.dispatch(Connection.java:262)\n\tat com.microsoft.playwright.impl.Connection.processOneMessage(Connection.java:214)\n\tat com.microsoft.playwright.impl.ChannelOwner.runUntil(ChannelOwner.java:136)\n\t... 10 more\n","flaky":false,"newFailed":false,"newBroken":false,"newPassed":false,"retriesCount":0,"retriesStatusChange":false,"beforeStages":[{"name":"beforeAll","time":{"start":1763988192379,"stop":1763988192718,"duration":339},"status":"passed","steps":[],"attachments":[],"parameters":[],"shouldDisplayMessage":false,"stepsCount":0,"attachmentsCount":0,"hasContent":false,"attachmentStep":false},{"name":"beforeEach","time":{"start":1763988248309,"stop":1763988248343,"duration":34},"status":"passed","steps":[],"attachments":[],"parameters":[],"shouldDisplayMessage":false,"stepsCount":0,"attachmentsCount":0,"hasContent":false,"attachmentStep":false},{"name":"login","time":{"start":1763988248343,"stop":1763988253142,"duration":4799},"status":"passed","steps":[{"name":"Login with credentials from config","time":{"start":1763988248343,"stop":1763988253142,"duration":4799},"status":"passed","steps":[{"name":"Open Login page","time":{"start":1763988248343,"stop":1763988251619,"duration":3276},"status":"passed","steps":[{"name":"Open page with path: /mein-konto/","time":{"start":1763988248343,"stop":1763988251594,"duration":3251},"status":"passed","steps":[],"attachments":[],"parameters":[{"name":"path","value":"/mein-konto/"}],"shouldDisplayMessage":false,"stepsCount":0,"attachmentsCount":0,"hasContent":true,"attachmentStep":false},{"name":"Wait for element to be visible: #username","time":{"start":1763988251594,"stop":1763988251619,"duration":25},"status":"passed","steps":[],"attachments":[],"parameters":[{"name":"selector","value":"#username"}],"shouldDisplayMessage":false,"stepsCount":0,"attachmentsCount":0,"hasContent":true,"attachmentStep":false}],"attachments":[],"parameters":[],"shouldDisplayMessage":false,"stepsCount":2,"attachmentsCount":0,"hasContent":true,"attachmentStep":false},{"name":"Submit login with username & password","time":{"start":1763988251619,"stop":1763988253142,"duration":1523},"status":"passed","steps":[{"name":"Enter username: my_test_email_rrr253010@mailnesia.com","time":{"start":1763988251619,"stop":1763988251637,"duration":18},"status":"passed","steps":[{"name":"Type my_test_email_rrr253010@mailnesia.com in to element: #username","time":{"start":1763988251619,"stop":1763988251637,"duration":18},"status":"passed","steps":[],"attachments":[],"parameters":[{"name":"selector","value":"#username"},{"name":"text","value":"my_test_email_rrr253010@mailnesia.com"}],"shouldDisplayMessage":false,"stepsCount":0,"attachmentsCount":0,"hasContent":true,"attachmentStep":false}],"attachments":[],"parameters":[{"name":"username","value":"my_test_email_rrr253010@mailnesia.com"}],"shouldDisplayMessage":false,"stepsCount":1,"attachmentsCount":0,"hasContent":true,"attachmentStep":false},{"name":"Enter password","time":{"start":1763988251637,"stop":1763988251651,"duration":14},"status":"passed","steps":[{"name":"Type estet345@Esdet in to element: #password","time":{"start":1763988251637,"stop":1763988251651,"duration":14},"status":"passed","steps":[],"attachments":[],"parameters":[{"name":"selector","value":"#password"},{"name":"text","value":"estet345@Esdet"}],"shouldDisplayMessage":false,"stepsCount":0,"attachmentsCount":0,"hasContent":true,"attachmentStep":false}],"attachments":[],"parameters":[{"name":"password","value":"estet345@Esdet"}],"shouldDisplayMessage":false,"stepsCount":1,"attachmentsCount":0,"hasContent":true,"attachmentStep":false},{"name":"Submit login form","time":{"start":1763988251651,"stop":1763988253142,"duration":1491},"status":"passed","steps":[{"name":"Click on element: button[name='login']","time":{"start":1763988251651,"stop":1763988253142,"duration":1491},"status":"passed","steps":[],"attachments":[],"parameters":[{"name":"selector","value":"button[name='login']"}],"shouldDisplayMessage":false,"stepsCount":0,"attachmentsCount":0,"hasContent":true,"attachmentStep":false}],"attachments":[],"parameters":[],"shouldDisplayMessage":false,"stepsCount":1,"attachmentsCount":0,"hasContent":true,"attachmentStep":false}],"attachments":[],"parameters":[{"name":"username","value":"my_test_email_rrr253010@mailnesia.com"},{"name":"password","value":"estet345@Esdet"}],"shouldDisplayMessage":false,"stepsCount":6,"attachmentsCount":0,"hasContent":true,"attachmentStep":false}],"attachments":[],"parameters":[],"shouldDisplayMessage":false,"stepsCount":10,"attachmentsCount":0,"hasContent":true,"attachmentStep":false}],"attachments":[],"parameters":[],"shouldDisplayMessage":false,"stepsCount":11,"attachmentsCount":0,"hasContent":true,"attachmentStep":false}],"testStage":{"description":"","status":"broken","statusMessage":"Error {\n  message='Error: strict mode violation: locator(\"//div[@class='message-container container success-color medium-text-center']\") resolved to 2 elements:\n    1) <div class=\"message-container container success-color medium-text-center\">…</div> aka getByText(\"Kontodetails erfolgreich geä\")\n    2) <div class=\"message-container container success-color medium-text-center\">…</div> aka getByText(\"„Ziyadem Special – Hediyelik Lokum Baklava Kutusu“ wurde deinem Warenkorb\")\n\n  name='Error\n  stack='Error: Error: strict mode violation: locator(\"//div[@class='message-container container success-color medium-text-center']\") resolved to 2 elements:\n    1) <div class=\"message-container container success-color medium-text-center\">…</div> aka getByText(\"Kontodetails erfolgreich geä\")\n    2) <div class=\"message-container container success-color medium-text-center\">…</div> aka getByText(\"„Ziyadem Special – Hediyelik Lokum Baklava Kutusu“ wurde deinem Warenkorb\")\n\n    at CRExecutionContext.evaluateWithArguments (/tmp/playwright-java-5807119072770957653/package/lib/server/chromium/crExecutionContext.js:80:13)\n    at async LongStandingScope._race (/tmp/playwright-java-5807119072770957653/package/lib/utils/isomorphic/manualPromise.js:94:14)\n    at async evaluateExpression (/tmp/playwright-java-5807119072770957653/package/lib/server/javascript.js:217:12)\n    at async /tmp/playwright-java-5807119072770957653/package/lib/server/frames.js:621:22\n    at async Frame.retryWithProgressAndTimeouts (/tmp/playwright-java-5807119072770957653/package/lib/server/frames.js:871:24)\n    at async FrameDispatcher.waitForSelector (/tmp/playwright-java-5807119072770957653/package/lib/server/dispatchers/frameDispatcher.js:82:98)\n    at async ProgressController.run (/tmp/playwright-java-5807119072770957653/package/lib/server/progress.js:139:41)\n    at async FrameDispatcher._runCommand (/tmp/playwright-java-5807119072770957653/package/lib/server/dispatchers/dispatcher.js:91:14)\n    at async DispatcherConnection.dispatch (/tmp/playwright-java-5807119072770957653/package/lib/server/dispatchers/dispatcher.js:322:22)\n}\nCall log:\n-   - waiting for locator(\"//div[@class='message-container container success-color medium-text-center']\") to be visible\n","statusTrace":"com.microsoft.playwright.PlaywrightException: Error {\n  message='Error: strict mode violation: locator(\"//div[@class='message-container container success-color medium-text-center']\") resolved to 2 elements:\n    1) <div class=\"message-container container success-color medium-text-center\">…</div> aka getByText(\"Kontodetails erfolgreich geä\")\n    2) <div class=\"message-container container success-color medium-text-center\">…</div> aka getByText(\"„Ziyadem Special – Hediyelik Lokum Baklava Kutusu“ wurde deinem Warenkorb\")\n\n  name='Error\n  stack='Error: Error: strict mode violation: locator(\"//div[@class='message-container container success-color medium-text-center']\") resolved to 2 elements:\n    1) <div class=\"message-container container success-color medium-text-center\">…</div> aka getByText(\"Kontodetails erfolgreich geä\")\n    2) <div class=\"message-container container success-color medium-text-center\">…</div> aka getByText(\"„Ziyadem Special – Hediyelik Lokum Baklava Kutusu“ wurde deinem Warenkorb\")\n\n    at CRExecutionContext.evaluateWithArguments (/tmp/playwright-java-5807119072770957653/package/lib/server/chromium/crExecutionContext.js:80:13)\n    at async LongStandingScope._race (/tmp/playwright-java-5807119072770957653/package/lib/utils/isomorphic/manualPromise.js:94:14)\n    at async evaluateExpression (/tmp/playwright-java-5807119072770957653/package/lib/server/javascript.js:217:12)\n    at async /tmp/playwright-java-5807119072770957653/package/lib/server/frames.js:621:22\n    at async Frame.retryWithProgressAndTimeouts (/tmp/playwright-java-5807119072770957653/package/lib/server/frames.js:871:24)\n    at async FrameDispatcher.waitForSelector (/tmp/playwright-java-5807119072770957653/package/lib/server/dispatchers/frameDispatcher.js:82:98)\n    at async ProgressController.run (/tmp/playwright-java-5807119072770957653/package/lib/server/progress.js:139:41)\n    at async FrameDispatcher._runCommand (/tmp/playwright-java-5807119072770957653/package/lib/server/dispatchers/dispatcher.js:91:14)\n    at async DispatcherConnection.dispatch (/tmp/playwright-java-5807119072770957653/package/lib/server/dispatchers/dispatcher.js:322:22)\n}\nCall log:\n-   - waiting for locator(\"//div[@class='message-container container success-color medium-text-center']\") to be visible\n\n\tat com.microsoft.playwright.impl.WaitableResult.get(WaitableResult.java:56)\n\tat com.microsoft.playwright.impl.ChannelOwner.runUntil(ChannelOwner.java:138)\n\tat com.microsoft.playwright.impl.Connection.sendMessage(Connection.java:131)\n\tat com.microsoft.playwright.impl.ChannelOwner.sendMessage(ChannelOwner.java:124)\n\tat com.microsoft.playwright.impl.FrameImpl.waitForSelectorImpl(FrameImpl.java:985)\n\tat com.microsoft.playwright.impl.LocatorImpl.waitFor(LocatorImpl.java:625)\n\tat pages.BasePage.waitForVisibility(BasePage.java:40)\n\tat pages.productCategories.SpecialFlavorsCategoryPage.addProductToShoppingBag(SpecialFlavorsCategoryPage.java:51)\n\tat tests.purchaseFunction.PurchaseFunctionLoggedInUserTests.createOrderWithIncorrectPostcode(PurchaseFunctionLoggedInUserTests.java:88)\n\tat java.base/java.lang.reflect.Method.invoke(Method.java:580)\n\tat java.base/java.util.ArrayList.forEach(ArrayList.java:1596)\n\tat java.base/java.util.ArrayList.forEach(ArrayList.java:1596)\nCaused by: com.microsoft.playwright.impl.DriverException: Error {\n  message='Error: strict mode violation: locator(\"//div[@class='message-container container success-color medium-text-center']\") resolved to 2 elements:\n    1) <div class=\"message-container container success-color medium-text-center\">…</div> aka getByText(\"Kontodetails erfolgreich geä\")\n    2) <div class=\"message-container container success-color medium-text-center\">…</div> aka getByText(\"„Ziyadem Special – Hediyelik Lokum Baklava Kutusu“ wurde deinem Warenkorb\")\n\n  name='Error\n  stack='Error: Error: strict mode violation: locator(\"//div[@class='message-container container success-color medium-text-center']\") resolved to 2 elements:\n    1) <div class=\"message-container container success-color medium-text-center\">…</div> aka getByText(\"Kontodetails erfolgreich geä\")\n    2) <div class=\"message-container container success-color medium-text-center\">…</div> aka getByText(\"„Ziyadem Special – Hediyelik Lokum Baklava Kutusu“ wurde deinem Warenkorb\")\n\n    at CRExecutionContext.evaluateWithArguments (/tmp/playwright-java-5807119072770957653/package/lib/server/chromium/crExecutionContext.js:80:13)\n    at async LongStandingScope._race (/tmp/playwright-java-5807119072770957653/package/lib/utils/isomorphic/manualPromise.js:94:14)\n    at async evaluateExpression (/tmp/playwright-java-5807119072770957653/package/lib/server/javascript.js:217:12)\n    at async /tmp/playwright-java-5807119072770957653/package/lib/server/frames.js:621:22\n    at async Frame.retryWithProgressAndTimeouts (/tmp/playwright-java-5807119072770957653/package/lib/server/frames.js:871:24)\n    at async FrameDispatcher.waitForSelector (/tmp/playwright-java-5807119072770957653/package/lib/server/dispatchers/frameDispatcher.js:82:98)\n    at async ProgressController.run (/tmp/playwright-java-5807119072770957653/package/lib/server/progress.js:139:41)\n    at async FrameDispatcher._runCommand (/tmp/playwright-java-5807119072770957653/package/lib/server/dispatchers/dispatcher.js:91:14)\n    at async DispatcherConnection.dispatch (/tmp/playwright-java-5807119072770957653/package/lib/server/dispatchers/dispatcher.js:322:22)\n}\nCall log:\n-   - waiting for locator(\"//div[@class='message-container container success-color medium-text-center']\") to be visible\n\n\tat com.microsoft.playwright.impl.Connection.dispatch(Connection.java:262)\n\tat com.microsoft.playwright.impl.Connection.processOneMessage(Connection.java:214)\n\tat com.microsoft.playwright.impl.ChannelOwner.runUntil(ChannelOwner.java:136)\n\t... 10 more\n","steps":[{"name":"Open Special Flavors category page","time":{"start":1763988253142,"stop":1763988255395,"duration":2253},"status":"passed","steps":[{"name":"Open page with path: produkt-kategory/oezel-tatlar","time":{"start":1763988253142,"stop":1763988255312,"duration":2170},"status":"passed","steps":[],"attachments":[],"parameters":[{"name":"path","value":"produkt-kategory/oezel-tatlar"}],"shouldDisplayMessage":false,"stepsCount":0,"attachmentsCount":0,"hasContent":true,"attachmentStep":false},{"name":"Wait for element to be visible: //nav[contains(@class,'woocommerce-breadcrumb')]","time":{"start":1763988255312,"stop":1763988255395,"duration":83},"status":"passed","steps":[{"name":"Get locator for selector: //nav[contains(@class,'woocommerce-breadcrumb')]","time":{"start":1763988255312,"stop":1763988255312,"duration":0},"status":"passed","steps":[],"attachments":[],"parameters":[{"name":"selector","value":"//nav[contains(@class,'woocommerce-breadcrumb')]"}],"shouldDisplayMessage":false,"stepsCount":0,"attachmentsCount":0,"hasContent":true,"attachmentStep":false}],"attachments":[],"parameters":[{"name":"selector","value":"//nav[contains(@class,'woocommerce-breadcrumb')]"}],"shouldDisplayMessage":false,"stepsCount":1,"attachmentsCount":0,"hasContent":true,"attachmentStep":false}],"attachments":[],"parameters":[],"shouldDisplayMessage":false,"stepsCount":3,"attachmentsCount":0,"hasContent":true,"attachmentStep":false},{"name":"Choose product from available items","time":{"start":1763988255395,"stop":1763988257024,"duration":1629},"status":"passed","steps":[{"name":"Get locator for selector: //div[contains(@class, 'product-small col') and not(.//*[contains(text(), 'Nicht vorrätig')])] at index: 0","time":{"start":1763988255395,"stop":1763988255395,"duration":0},"status":"passed","steps":[{"name":"Get locator for selector: //div[contains(@class, 'product-small col') and not(.//*[contains(text(), 'Nicht vorrätig')])]","time":{"start":1763988255395,"stop":1763988255395,"duration":0},"status":"passed","steps":[],"attachments":[],"parameters":[{"name":"selector","value":"//div[contains(@class, 'product-small col') and not(.//*[contains(text(), 'Nicht vorrätig')])]"}],"shouldDisplayMessage":false,"stepsCount":0,"attachmentsCount":0,"hasContent":true,"attachmentStep":false}],"attachments":[],"parameters":[{"name":"selector","value":"//div[contains(@class, 'product-small col') and not(.//*[contains(text(), 'Nicht vorrätig')])]"},{"name":"index","value":"0"}],"shouldDisplayMessage":false,"stepsCount":1,"attachmentsCount":0,"hasContent":true,"attachmentStep":false},{"name":"Wait for element to be visible: //input[@type='number']","time":{"start":1763988256751,"stop":1763988257011,"duration":260},"status":"passed","steps":[{"name":"Get locator for selector: //input[@type='number']","time":{"start":1763988256751,"stop":1763988256751,"duration":0},"status":"passed","steps":[],"attachments":[],"parameters":[{"name":"selector","value":"//input[@type='number']"}],"shouldDisplayMessage":false,"stepsCount":0,"attachmentsCount":0,"hasContent":true,"attachmentStep":false}],"attachments":[],"parameters":[{"name":"selector","value":"//input[@type='number']"}],"shouldDisplayMessage":false,"stepsCount":1,"attachmentsCount":0,"hasContent":true,"attachmentStep":false},{"name":"Wait for element to be visible: //button[@name='add-to-cart']","time":{"start":1763988257011,"stop":1763988257024,"duration":13},"status":"passed","steps":[{"name":"Get locator for selector: //button[@name='add-to-cart']","time":{"start":1763988257011,"stop":1763988257011,"duration":0},"status":"passed","steps":[],"attachments":[],"parameters":[{"name":"selector","value":"//button[@name='add-to-cart']"}],"shouldDisplayMessage":false,"stepsCount":0,"attachmentsCount":0,"hasContent":true,"attachmentStep":false}],"attachments":[],"parameters":[{"name":"selector","value":"//button[@name='add-to-cart']"}],"shouldDisplayMessage":false,"stepsCount":1,"attachmentsCount":0,"hasContent":true,"attachmentStep":false}],"attachments":[],"parameters":[],"shouldDisplayMessage":false,"stepsCount":6,"attachmentsCount":0,"hasContent":true,"attachmentStep":false},{"name":"Add product to shopping bag","time":{"start":1763988257024,"stop":1763988260064,"duration":3040},"status":"broken","statusMessage":"Error {\n  message='Error: strict mode violation: locator(\"//div[@class='message-container container success-color medium-text-center']\") resolved to 2 elements:\n    1) <div class=\"message-container container success-color medium-text-center\">…</div> aka getByText(\"Kontodetails erfolgreich geä\")\n    2) <div class=\"message-container container success-color medium-text-center\">…</div> aka getByText(\"„Ziyadem Special – Hediyelik Lokum Baklava Kutusu“ wurde deinem Warenkorb\")\n\n  name='Error\n  stack='Error: Error: strict mode violation: locator(\"//div[@class='message-container container success-color medium-text-center']\") resolved to 2 elements:\n    1) <div class=\"message-container container success-color medium-text-center\">…</div> aka getByText(\"Kontodetails erfolgreich geä\")\n    2) <div class=\"message-container container success-color medium-text-center\">…</div> aka getByText(\"„Ziyadem Special – Hediyelik Lokum Baklava Kutusu“ wurde deinem Warenkorb\")\n\n    at CRExecutionContext.evaluateWithArguments (/tmp/playwright-java-5807119072770957653/package/lib/server/chromium/crExecutionContext.js:80:13)\n    at async LongStandingScope._race (/tmp/playwright-java-5807119072770957653/package/lib/utils/isomorphic/manualPromise.js:94:14)\n    at async evaluateExpression (/tmp/playwright-java-5807119072770957653/package/lib/server/javascript.js:217:12)\n    at async /tmp/playwright-java-5807119072770957653/package/lib/server/frames.js:621:22\n    at async Frame.retryWithProgressAndTimeouts (/tmp/playwright-java-5807119072770957653/package/lib/server/frames.js:871:24)\n    at async FrameDispatcher.waitForSelector (/tmp/playwright-java-5807119072770957653/package/lib/server/dispatchers/frameDispatcher.js:82:98)\n    at async ProgressController.run (/tmp/playwright-java-5807119072770957653/package/lib/server/progress.js:139:41)\n    at async FrameDispatcher._runCommand (/tmp/playwright-java-5807119072770957653/package/lib/server/dispatchers/dispatcher.js:91:14)\n    at async DispatcherConnection.dispatch (/tmp/playwright-java-5807119072770957653/package/lib/server/dispatchers/dispatcher.js:322:22)\n}\nCall log:\n-   - waiting for locator(\"//div[@class='message-container container success-color medium-text-center']\") to be visible\n","statusTrace":"com.microsoft.playwright.PlaywrightException: Error {\n  message='Error: strict mode violation: locator(\"//div[@class='message-container container success-color medium-text-center']\") resolved to 2 elements:\n    1) <div class=\"message-container container success-color medium-text-center\">…</div> aka getByText(\"Kontodetails erfolgreich geä\")\n    2) <div class=\"message-container container success-color medium-text-center\">…</div> aka getByText(\"„Ziyadem Special – Hediyelik Lokum Baklava Kutusu“ wurde deinem Warenkorb\")\n\n  name='Error\n  stack='Error: Error: strict mode violation: locator(\"//div[@class='message-container container success-color medium-text-center']\") resolved to 2 elements:\n    1) <div class=\"message-container container success-color medium-text-center\">…</div> aka getByText(\"Kontodetails erfolgreich geä\")\n    2) <div class=\"message-container container success-color medium-text-center\">…</div> aka getByText(\"„Ziyadem Special – Hediyelik Lokum Baklava Kutusu“ wurde deinem Warenkorb\")\n\n    at CRExecutionContext.evaluateWithArguments (/tmp/playwright-java-5807119072770957653/package/lib/server/chromium/crExecutionContext.js:80:13)\n    at async LongStandingScope._race (/tmp/playwright-java-5807119072770957653/package/lib/utils/isomorphic/manualPromise.js:94:14)\n    at async evaluateExpression (/tmp/playwright-java-5807119072770957653/package/lib/server/javascript.js:217:12)\n    at async /tmp/playwright-java-5807119072770957653/package/lib/server/frames.js:621:22\n    at async Frame.retryWithProgressAndTimeouts (/tmp/playwright-java-5807119072770957653/package/lib/server/frames.js:871:24)\n    at async FrameDispatcher.waitForSelector (/tmp/playwright-java-5807119072770957653/package/lib/server/dispatchers/frameDispatcher.js:82:98)\n    at async ProgressController.run (/tmp/playwright-java-5807119072770957653/package/lib/server/progress.js:139:41)\n    at async FrameDispatcher._runCommand (/tmp/playwright-java-5807119072770957653/package/lib/server/dispatchers/dispatcher.js:91:14)\n    at async DispatcherConnection.dispatch (/tmp/playwright-java-5807119072770957653/package/lib/server/dispatchers/dispatcher.js:322:22)\n}\nCall log:\n-   - waiting for locator(\"//div[@class='message-container container success-color medium-text-center']\") to be visible\n\n\tat com.microsoft.playwright.impl.WaitableResult.get(WaitableResult.java:56)\n\tat com.microsoft.playwright.impl.ChannelOwner.runUntil(ChannelOwner.java:138)\n\tat com.microsoft.playwright.impl.Connection.sendMessage(Connection.java:131)\n\tat com.microsoft.playwright.impl.ChannelOwner.sendMessage(ChannelOwner.java:124)\n\tat com.microsoft.playwright.impl.FrameImpl.waitForSelectorImpl(FrameImpl.java:985)\n\tat com.microsoft.playwright.impl.LocatorImpl.waitFor(LocatorImpl.java:625)\n\tat pages.BasePage.waitForVisibility(BasePage.java:40)\n\tat pages.productCategories.SpecialFlavorsCategoryPage.addProductToShoppingBag(SpecialFlavorsCategoryPage.java:51)\n\tat tests.purchaseFunction.PurchaseFunctionLoggedInUserTests.createOrderWithIncorrectPostcode(PurchaseFunctionLoggedInUserTests.java:88)\n\tat java.base/jdk.internal.reflect.DirectMethodHandleAccessor.invoke(DirectMethodHandleAccessor.java:103)\n\tat java.base/java.lang.reflect.Method.invoke(Method.java:580)\n\tat org.junit.platform.commons.util.ReflectionUtils.invokeMethod(ReflectionUtils.java:787)\n\tat org.junit.platform.commons.support.ReflectionSupport.invokeMethod(ReflectionSupport.java:478)\n\tat org.junit.jupiter.engine.execution.MethodInvocation.proceed(MethodInvocation.java:60)\n\tat org.junit.jupiter.engine.execution.InvocationInterceptorChain$ValidatingInvocation.proceed(InvocationInterceptorChain.java:131)\n\tat org.junit.jupiter.api.extension.InvocationInterceptor.interceptTestMethod(InvocationInterceptor.java:129)\n\tat org.junit.jupiter.engine.execution.InterceptingExecutableInvoker$ReflectiveInterceptorCall.lambda$ofVoidMethod$0(InterceptingExecutableInvoker.java:112)\n\tat org.junit.jupiter.engine.execution.InterceptingExecutableInvoker.lambda$invoke$0(InterceptingExecutableInvoker.java:94)\n\tat org.junit.jupiter.engine.execution.InvocationInterceptorChain$InterceptedInvocation.proceed(InvocationInterceptorChain.java:106)\n\tat org.junit.jupiter.engine.extension.TimeoutExtension.intercept(TimeoutExtension.java:161)\n\tat org.junit.jupiter.engine.extension.TimeoutExtension.interceptTestableMethod(TimeoutExtension.java:152)\n\tat org.junit.jupiter.engine.extension.TimeoutExtension.interceptTestMethod(TimeoutExtension.java:91)\n\tat org.junit.jupiter.engine.execution.InterceptingExecutableInvoker$ReflectiveInterceptorCall.lambda$ofVoidMethod$0(InterceptingExecutableInvoker.java:112)\n\tat org.junit.jupiter.engine.execution.InterceptingExecutableInvoker.lambda$invoke$0(InterceptingExecutableInvoker.java:94)\n\tat org.junit.jupiter.engine.execution.InvocationInterceptorChain$InterceptedInvocation.proceed(InvocationInterceptorChain.java:106)\n\tat org.junit.jupiter.engine.execution.InvocationInterceptorChain.proceed(InvocationInterceptorChain.java:64)\n\tat org.junit.jupiter.engine.execution.InvocationInterceptorChain.chainAndInvoke(InvocationInterceptorChain.java:45)\n\tat org.junit.jupiter.engine.execution.InvocationInterceptorChain.invoke(InvocationInterceptorChain.java:37)\n\tat org.junit.jupiter.engine.execution.InterceptingExecutableInvoker.invoke(InterceptingExecutableInvoker.java:93)\n\tat org.junit.jupiter.engine.execution.InterceptingExecutableInvoker.invoke(InterceptingExecutableInvoker.java:87)\n\tat org.junit.jupiter.engine.descriptor.TestMethodTestDescriptor.lambda$invokeTestMethod$4(TestMethodTestDescriptor.java:221)\n\tat org.junit.platform.engine.support.hierarchical.ThrowableCollector.execute(ThrowableCollector.java:73)\n\tat org.junit.jupiter.engine.descriptor.TestMethodTestDescriptor.invokeTestMethod(TestMethodTestDescriptor.java:217)\n\tat org.junit.jupiter.engine.descriptor.TestMethodTestDescriptor.execute(TestMethodTestDescriptor.java:159)\n\tat org.junit.jupiter.engine.descriptor.TestMethodTestDescriptor.execute(TestMethodTestDescriptor.java:70)\n\tat org.junit.platform.engine.support.hierarchical.NodeTestTask.lambda$executeRecursively$6(NodeTestTask.java:157)\n\tat org.junit.platform.engine.support.hierarchical.ThrowableCollector.execute(ThrowableCollector.java:73)\n\tat org.junit.platform.engine.support.hierarchical.NodeTestTask.lambda$executeRecursively$8(NodeTestTask.java:147)\n\tat org.junit.platform.engine.support.hierarchical.Node.around(Node.java:137)\n\tat org.junit.platform.engine.support.hierarchical.NodeTestTask.lambda$executeRecursively$9(NodeTestTask.java:145)\n\tat org.junit.platform.engine.support.hierarchical.ThrowableCollector.execute(ThrowableCollector.java:73)\n\tat org.junit.platform.engine.support.hierarchical.NodeTestTask.executeRecursively(NodeTestTask.java:144)\n\tat org.junit.platform.engine.support.hierarchical.NodeTestTask.execute(NodeTestTask.java:101)\n\tat java.base/java.util.ArrayList.forEach(ArrayList.java:1596)\n\tat org.junit.platform.engine.support.hierarchical.SameThreadHierarchicalTestExecutorService.invokeAll(SameThreadHierarchicalTestExecutorService.java:41)\n\tat org.junit.platform.engine.support.hierarchical.NodeTestTask.lambda$executeRecursively$6(NodeTestTask.java:161)\n\tat org.junit.platform.engine.support.hierarchical.ThrowableCollector.execute(ThrowableCollector.java:73)\n\tat org.junit.platform.engine.support.hierarchical.NodeTestTask.lambda$executeRecursively$8(NodeTestTask.java:147)\n\tat org.junit.platform.engine.support.hierarchical.Node.around(Node.java:137)\n\tat org.junit.platform.engine.support.hierarchical.NodeTestTask.lambda$executeRecursively$9(NodeTestTask.java:145)\n\tat org.junit.platform.engine.support.hierarchical.ThrowableCollector.execute(ThrowableCollector.java:73)\n\tat org.junit.platform.engine.support.hierarchical.NodeTestTask.executeRecursively(NodeTestTask.java:144)\n\tat org.junit.platform.engine.support.hierarchical.NodeTestTask.execute(NodeTestTask.java:101)\n\tat java.base/java.util.ArrayList.forEach(ArrayList.java:1596)\n\tat org.junit.platform.engine.support.hierarchical.SameThreadHierarchicalTestExecutorService.invokeAll(SameThreadHierarchicalTestExecutorService.java:41)\n\tat org.junit.platform.engine.support.hierarchical.NodeTestTask.lambda$executeRecursively$6(NodeTestTask.java:161)\n\tat org.junit.platform.engine.support.hierarchical.ThrowableCollector.execute(ThrowableCollector.java:73)\n\tat org.junit.platform.engine.support.hierarchical.NodeTestTask.lambda$executeRecursively$8(NodeTestTask.java:147)\n\tat org.junit.platform.engine.support.hierarchical.Node.around(Node.java:137)\n\tat org.junit.platform.engine.support.hierarchical.NodeTestTask.lambda$executeRecursively$9(NodeTestTask.java:145)\n\tat org.junit.platform.engine.support.hierarchical.ThrowableCollector.execute(ThrowableCollector.java:73)\n\tat org.junit.platform.engine.support.hierarchical.NodeTestTask.executeRecursively(NodeTestTask.java:144)\n\tat org.junit.platform.engine.support.hierarchical.NodeTestTask.execute(NodeTestTask.java:101)\n\tat org.junit.platform.engine.support.hierarchical.SameThreadHierarchicalTestExecutorService.submit(SameThreadHierarchicalTestExecutorService.java:35)\n\tat org.junit.platform.engine.support.hierarchical.HierarchicalTestExecutor.execute(HierarchicalTestExecutor.java:57)\n\tat org.junit.platform.engine.support.hierarchical.HierarchicalTestEngine.execute(HierarchicalTestEngine.java:54)\n\tat org.junit.platform.launcher.core.EngineExecutionOrchestrator.executeEngine(EngineExecutionOrchestrator.java:230)\n\tat org.junit.platform.launcher.core.EngineExecutionOrchestrator.failOrExecuteEngine(EngineExecutionOrchestrator.java:204)\n\tat org.junit.platform.launcher.core.EngineExecutionOrchestrator.execute(EngineExecutionOrchestrator.java:172)\n\tat org.junit.platform.launcher.core.EngineExecutionOrchestrator.execute(EngineExecutionOrchestrator.java:101)\n\tat org.junit.platform.launcher.core.EngineExecutionOrchestrator.lambda$execute$0(EngineExecutionOrchestrator.java:64)\n\tat org.junit.platform.launcher.core.EngineExecutionOrchestrator.withInterceptedStreams(EngineExecutionOrchestrator.java:150)\n\tat org.junit.platform.launcher.core.EngineExecutionOrchestrator.execute(EngineExecutionOrchestrator.java:63)\n\tat org.junit.platform.launcher.core.DefaultLauncher.execute(DefaultLauncher.java:109)\n\tat org.junit.platform.launcher.core.DefaultLauncher.execute(DefaultLauncher.java:91)\n\tat org.junit.platform.launcher.core.DelegatingLauncher.execute(DelegatingLauncher.java:47)\n\tat org.junit.platform.launcher.core.InterceptingLauncher.lambda$execute$1(InterceptingLauncher.java:39)\n\tat org.junit.platform.launcher.core.ClasspathAlignmentCheckingLauncherInterceptor.intercept(ClasspathAlignmentCheckingLauncherInterceptor.java:25)\n\tat org.junit.platform.launcher.core.InterceptingLauncher.execute(InterceptingLauncher.java:38)\n\tat org.junit.platform.launcher.core.DelegatingLauncher.execute(DelegatingLauncher.java:47)\n\tat org.apache.maven.surefire.junitplatform.LazyLauncher.execute(LazyLauncher.java:56)\n\tat org.apache.maven.surefire.junitplatform.JUnitPlatformProvider.execute(JUnitPlatformProvider.java:184)\n\tat org.apache.maven.surefire.junitplatform.JUnitPlatformProvider.invokeAllTests(JUnitPlatformProvider.java:148)\n\tat org.apache.maven.surefire.junitplatform.JUnitPlatformProvider.invoke(JUnitPlatformProvider.java:122)\n\tat org.apache.maven.surefire.booter.ForkedBooter.runSuitesInProcess(ForkedBooter.java:385)\n\tat org.apache.maven.surefire.booter.ForkedBooter.execute(ForkedBooter.java:162)\n\tat org.apache.maven.surefire.booter.ForkedBooter.run(ForkedBooter.java:507)\n\tat org.apache.maven.surefire.booter.ForkedBooter.main(ForkedBooter.java:495)\nCaused by: com.microsoft.playwright.impl.DriverException: Error {\n  message='Error: strict mode violation: locator(\"//div[@class='message-container container success-color medium-text-center']\") resolved to 2 elements:\n    1) <div class=\"message-container container success-color medium-text-center\">…</div> aka getByText(\"Kontodetails erfolgreich geä\")\n    2) <div class=\"message-container container success-color medium-text-center\">…</div> aka getByText(\"„Ziyadem Special – Hediyelik Lokum Baklava Kutusu“ wurde deinem Warenkorb\")\n\n  name='Error\n  stack='Error: Error: strict mode violation: locator(\"//div[@class='message-container container success-color medium-text-center']\") resolved to 2 elements:\n    1) <div class=\"message-container container success-color medium-text-center\">…</div> aka getByText(\"Kontodetails erfolgreich geä\")\n    2) <div class=\"message-container container success-color medium-text-center\">…</div> aka getByText(\"„Ziyadem Special – Hediyelik Lokum Baklava Kutusu“ wurde deinem Warenkorb\")\n\n    at CRExecutionContext.evaluateWithArguments (/tmp/playwright-java-5807119072770957653/package/lib/server/chromium/crExecutionContext.js:80:13)\n    at async LongStandingScope._race (/tmp/playwright-java-5807119072770957653/package/lib/utils/isomorphic/manualPromise.js:94:14)\n    at async evaluateExpression (/tmp/playwright-java-5807119072770957653/package/lib/server/javascript.js:217:12)\n    at async /tmp/playwright-java-5807119072770957653/package/lib/server/frames.js:621:22\n    at async Frame.retryWithProgressAndTimeouts (/tmp/playwright-java-5807119072770957653/package/lib/server/frames.js:871:24)\n    at async FrameDispatcher.waitForSelector (/tmp/playwright-java-5807119072770957653/package/lib/server/dispatchers/frameDispatcher.js:82:98)\n    at async ProgressController.run (/tmp/playwright-java-5807119072770957653/package/lib/server/progress.js:139:41)\n    at async FrameDispatcher._runCommand (/tmp/playwright-java-5807119072770957653/package/lib/server/dispatchers/dispatcher.js:91:14)\n    at async DispatcherConnection.dispatch (/tmp/playwright-java-5807119072770957653/package/lib/server/dispatchers/dispatcher.js:322:22)\n}\nCall log:\n-   - waiting for locator(\"//div[@class='message-container container success-color medium-text-center']\") to be visible\n\n\tat com.microsoft.playwright.impl.Connection.dispatch(Connection.java:262)\n\tat com.microsoft.playwright.impl.Connection.processOneMessage(Connection.java:214)\n\tat com.microsoft.playwright.impl.ChannelOwner.runUntil(ChannelOwner.java:136)\n\t... 86 more\n","steps":[{"name":"Get text from element: //h1[@class='product-title product_title entry-title']","time":{"start":1763988257989,"stop":1763988258079,"duration":90},"status":"passed","steps":[{"name":"Wait for element to be visible: //h1[@class='product-title product_title entry-title']","time":{"start":1763988257989,"stop":1763988258053,"duration":64},"status":"passed","steps":[{"name":"Get locator for selector: //h1[@class='product-title product_title entry-title']","time":{"start":1763988257989,"stop":1763988257989,"duration":0},"status":"passed","steps":[],"attachments":[],"parameters":[{"name":"selector","value":"//h1[@class='product-title product_title entry-title']"}],"shouldDisplayMessage":false,"stepsCount":0,"attachmentsCount":0,"hasContent":true,"attachmentStep":false}],"attachments":[],"parameters":[{"name":"selector","value":"//h1[@class='product-title product_title entry-title']"}],"shouldDisplayMessage":false,"stepsCount":1,"attachmentsCount":0,"hasContent":true,"attachmentStep":false},{"name":"Get locator for selector: //h1[@class='product-title product_title entry-title']","time":{"start":1763988258053,"stop":1763988258053,"duration":0},"status":"passed","steps":[],"attachments":[],"parameters":[{"name":"selector","value":"//h1[@class='product-title product_title entry-title']"}],"shouldDisplayMessage":false,"stepsCount":0,"attachmentsCount":0,"hasContent":true,"attachmentStep":false}],"attachments":[],"parameters":[{"name":"selector","value":"//h1[@class='product-title product_title entry-title']"}],"shouldDisplayMessage":false,"stepsCount":3,"attachmentsCount":0,"hasContent":true,"attachmentStep":false},{"name":"Click on element: //button[@name='add-to-cart']","time":{"start":1763988258080,"stop":1763988259541,"duration":1461},"status":"passed","steps":[],"attachments":[],"parameters":[{"name":"selector","value":"//button[@name='add-to-cart']"}],"shouldDisplayMessage":false,"stepsCount":0,"attachmentsCount":0,"hasContent":true,"attachmentStep":false},{"name":"Wait for element to be visible: //li[@class='cart-item has-icon has-dropdown current-dropdown cart-active']// ul[@class='nav-dropdown nav-dropdown-default']","time":{"start":1763988259541,"stop":1763988259976,"duration":435},"status":"passed","steps":[{"name":"Get locator for selector: //li[@class='cart-item has-icon has-dropdown current-dropdown cart-active']// ul[@class='nav-dropdown nav-dropdown-default']","time":{"start":1763988259541,"stop":1763988259541,"duration":0},"status":"passed","steps":[],"attachments":[],"parameters":[{"name":"selector","value":"//li[@class='cart-item has-icon has-dropdown current-dropdown cart-active']// ul[@class='nav-dropdown nav-dropdown-default']"}],"shouldDisplayMessage":false,"stepsCount":0,"attachmentsCount":0,"hasContent":true,"attachmentStep":false}],"attachments":[],"parameters":[{"name":"selector","value":"//li[@class='cart-item has-icon has-dropdown current-dropdown cart-active']// ul[@class='nav-dropdown nav-dropdown-default']"}],"shouldDisplayMessage":false,"stepsCount":1,"attachmentsCount":0,"hasContent":true,"attachmentStep":false},{"name":"Wait for element to be visible: //div[@class='message-container container success-color medium-text-center']","time":{"start":1763988259976,"stop":1763988260063,"duration":87},"status":"broken","statusMessage":"Error {\n  message='Error: strict mode violation: locator(\"//div[@class='message-container container success-color medium-text-center']\") resolved to 2 elements:\n    1) <div class=\"message-container container success-color medium-text-center\">…</div> aka getByText(\"Kontodetails erfolgreich geä\")\n    2) <div class=\"message-container container success-color medium-text-center\">…</div> aka getByText(\"„Ziyadem Special – Hediyelik Lokum Baklava Kutusu“ wurde deinem Warenkorb\")\n\n  name='Error\n  stack='Error: Error: strict mode violation: locator(\"//div[@class='message-container container success-color medium-text-center']\") resolved to 2 elements:\n    1) <div class=\"message-container container success-color medium-text-center\">…</div> aka getByText(\"Kontodetails erfolgreich geä\")\n    2) <div class=\"message-container container success-color medium-text-center\">…</div> aka getByText(\"„Ziyadem Special – Hediyelik Lokum Baklava Kutusu“ wurde deinem Warenkorb\")\n\n    at CRExecutionContext.evaluateWithArguments (/tmp/playwright-java-5807119072770957653/package/lib/server/chromium/crExecutionContext.js:80:13)\n    at async LongStandingScope._race (/tmp/playwright-java-5807119072770957653/package/lib/utils/isomorphic/manualPromise.js:94:14)\n    at async evaluateExpression (/tmp/playwright-java-5807119072770957653/package/lib/server/javascript.js:217:12)\n    at async /tmp/playwright-java-5807119072770957653/package/lib/server/frames.js:621:22\n    at async Frame.retryWithProgressAndTimeouts (/tmp/playwright-java-5807119072770957653/package/lib/server/frames.js:871:24)\n    at async FrameDispatcher.waitForSelector (/tmp/playwright-java-5807119072770957653/package/lib/server/dispatchers/frameDispatcher.js:82:98)\n    at async ProgressController.run (/tmp/playwright-java-5807119072770957653/package/lib/server/progress.js:139:41)\n    at async FrameDispatcher._runCommand (/tmp/playwright-java-5807119072770957653/package/lib/server/dispatchers/dispatcher.js:91:14)\n    at async DispatcherConnection.dispatch (/tmp/playwright-java-5807119072770957653/package/lib/server/dispatchers/dispatcher.js:322:22)\n}\nCall log:\n-   - waiting for locator(\"//div[@class='message-container container success-color medium-text-center']\") to be visible\n","statusTrace":"com.microsoft.playwright.PlaywrightException: Error {\n  message='Error: strict mode violation: locator(\"//div[@class='message-container container success-color medium-text-center']\") resolved to 2 elements:\n    1) <div class=\"message-container container success-color medium-text-center\">…</div> aka getByText(\"Kontodetails erfolgreich geä\")\n    2) <div class=\"message-container container success-color medium-text-center\">…</div> aka getByText(\"„Ziyadem Special – Hediyelik Lokum Baklava Kutusu“ wurde deinem Warenkorb\")\n\n  name='Error\n  stack='Error: Error: strict mode violation: locator(\"//div[@class='message-container container success-color medium-text-center']\") resolved to 2 elements:\n    1) <div class=\"message-container container success-color medium-text-center\">…</div> aka getByText(\"Kontodetails erfolgreich geä\")\n    2) <div class=\"message-container container success-color medium-text-center\">…</div> aka getByText(\"„Ziyadem Special – Hediyelik Lokum Baklava Kutusu“ wurde deinem Warenkorb\")\n\n    at CRExecutionContext.evaluateWithArguments (/tmp/playwright-java-5807119072770957653/package/lib/server/chromium/crExecutionContext.js:80:13)\n    at async LongStandingScope._race (/tmp/playwright-java-5807119072770957653/package/lib/utils/isomorphic/manualPromise.js:94:14)\n    at async evaluateExpression (/tmp/playwright-java-5807119072770957653/package/lib/server/javascript.js:217:12)\n    at async /tmp/playwright-java-5807119072770957653/package/lib/server/frames.js:621:22\n    at async Frame.retryWithProgressAndTimeouts (/tmp/playwright-java-5807119072770957653/package/lib/server/frames.js:871:24)\n    at async FrameDispatcher.waitForSelector (/tmp/playwright-java-5807119072770957653/package/lib/server/dispatchers/frameDispatcher.js:82:98)\n    at async ProgressController.run (/tmp/playwright-java-5807119072770957653/package/lib/server/progress.js:139:41)\n    at async FrameDispatcher._runCommand (/tmp/playwright-java-5807119072770957653/package/lib/server/dispatchers/dispatcher.js:91:14)\n    at async DispatcherConnection.dispatch (/tmp/playwright-java-5807119072770957653/package/lib/server/dispatchers/dispatcher.js:322:22)\n}\nCall log:\n-   - waiting for locator(\"//div[@class='message-container container success-color medium-text-center']\") to be visible\n\n\tat com.microsoft.playwright.impl.WaitableResult.get(WaitableResult.java:56)\n\tat com.microsoft.playwright.impl.ChannelOwner.runUntil(ChannelOwner.java:138)\n\tat com.microsoft.playwright.impl.Connection.sendMessage(Connection.java:131)\n\tat com.microsoft.playwright.impl.ChannelOwner.sendMessage(ChannelOwner.java:124)\n\tat com.microsoft.playwright.impl.FrameImpl.waitForSelectorImpl(FrameImpl.java:985)\n\tat com.microsoft.playwright.impl.LocatorImpl.waitFor(LocatorImpl.java:625)\n\tat pages.BasePage.waitForVisibility(BasePage.java:40)\n\tat pages.productCategories.SpecialFlavorsCategoryPage.addProductToShoppingBag(SpecialFlavorsCategoryPage.java:51)\n\tat tests.purchaseFunction.PurchaseFunctionLoggedInUserTests.createOrderWithIncorrectPostcode(PurchaseFunctionLoggedInUserTests.java:88)\n\tat java.base/jdk.internal.reflect.DirectMethodHandleAccessor.invoke(DirectMethodHandleAccessor.java:103)\n\tat java.base/java.lang.reflect.Method.invoke(Method.java:580)\n\tat org.junit.platform.commons.util.ReflectionUtils.invokeMethod(ReflectionUtils.java:787)\n\tat org.junit.platform.commons.support.ReflectionSupport.invokeMethod(ReflectionSupport.java:478)\n\tat org.junit.jupiter.engine.execution.MethodInvocation.proceed(MethodInvocation.java:60)\n\tat org.junit.jupiter.engine.execution.InvocationInterceptorChain$ValidatingInvocation.proceed(InvocationInterceptorChain.java:131)\n\tat org.junit.jupiter.api.extension.InvocationInterceptor.interceptTestMethod(InvocationInterceptor.java:129)\n\tat org.junit.jupiter.engine.execution.InterceptingExecutableInvoker$ReflectiveInterceptorCall.lambda$ofVoidMethod$0(InterceptingExecutableInvoker.java:112)\n\tat org.junit.jupiter.engine.execution.InterceptingExecutableInvoker.lambda$invoke$0(InterceptingExecutableInvoker.java:94)\n\tat org.junit.jupiter.engine.execution.InvocationInterceptorChain$InterceptedInvocation.proceed(InvocationInterceptorChain.java:106)\n\tat org.junit.jupiter.engine.extension.TimeoutExtension.intercept(TimeoutExtension.java:161)\n\tat org.junit.jupiter.engine.extension.TimeoutExtension.interceptTestableMethod(TimeoutExtension.java:152)\n\tat org.junit.jupiter.engine.extension.TimeoutExtension.interceptTestMethod(TimeoutExtension.java:91)\n\tat org.junit.jupiter.engine.execution.InterceptingExecutableInvoker$ReflectiveInterceptorCall.lambda$ofVoidMethod$0(InterceptingExecutableInvoker.java:112)\n\tat org.junit.jupiter.engine.execution.InterceptingExecutableInvoker.lambda$invoke$0(InterceptingExecutableInvoker.java:94)\n\tat org.junit.jupiter.engine.execution.InvocationInterceptorChain$InterceptedInvocation.proceed(InvocationInterceptorChain.java:106)\n\tat org.junit.jupiter.engine.execution.InvocationInterceptorChain.proceed(InvocationInterceptorChain.java:64)\n\tat org.junit.jupiter.engine.execution.InvocationInterceptorChain.chainAndInvoke(InvocationInterceptorChain.java:45)\n\tat org.junit.jupiter.engine.execution.InvocationInterceptorChain.invoke(InvocationInterceptorChain.java:37)\n\tat org.junit.jupiter.engine.execution.InterceptingExecutableInvoker.invoke(InterceptingExecutableInvoker.java:93)\n\tat org.junit.jupiter.engine.execution.InterceptingExecutableInvoker.invoke(InterceptingExecutableInvoker.java:87)\n\tat org.junit.jupiter.engine.descriptor.TestMethodTestDescriptor.lambda$invokeTestMethod$4(TestMethodTestDescriptor.java:221)\n\tat org.junit.platform.engine.support.hierarchical.ThrowableCollector.execute(ThrowableCollector.java:73)\n\tat org.junit.jupiter.engine.descriptor.TestMethodTestDescriptor.invokeTestMethod(TestMethodTestDescriptor.java:217)\n\tat org.junit.jupiter.engine.descriptor.TestMethodTestDescriptor.execute(TestMethodTestDescriptor.java:159)\n\tat org.junit.jupiter.engine.descriptor.TestMethodTestDescriptor.execute(TestMethodTestDescriptor.java:70)\n\tat org.junit.platform.engine.support.hierarchical.NodeTestTask.lambda$executeRecursively$6(NodeTestTask.java:157)\n\tat org.junit.platform.engine.support.hierarchical.ThrowableCollector.execute(ThrowableCollector.java:73)\n\tat org.junit.platform.engine.support.hierarchical.NodeTestTask.lambda$executeRecursively$8(NodeTestTask.java:147)\n\tat org.junit.platform.engine.support.hierarchical.Node.around(Node.java:137)\n\tat org.junit.platform.engine.support.hierarchical.NodeTestTask.lambda$executeRecursively$9(NodeTestTask.java:145)\n\tat org.junit.platform.engine.support.hierarchical.ThrowableCollector.execute(ThrowableCollector.java:73)\n\tat org.junit.platform.engine.support.hierarchical.NodeTestTask.executeRecursively(NodeTestTask.java:144)\n\tat org.junit.platform.engine.support.hierarchical.NodeTestTask.execute(NodeTestTask.java:101)\n\tat java.base/java.util.ArrayList.forEach(ArrayList.java:1596)\n\tat org.junit.platform.engine.support.hierarchical.SameThreadHierarchicalTestExecutorService.invokeAll(SameThreadHierarchicalTestExecutorService.java:41)\n\tat org.junit.platform.engine.support.hierarchical.NodeTestTask.lambda$executeRecursively$6(NodeTestTask.java:161)\n\tat org.junit.platform.engine.support.hierarchical.ThrowableCollector.execute(ThrowableCollector.java:73)\n\tat org.junit.platform.engine.support.hierarchical.NodeTestTask.lambda$executeRecursively$8(NodeTestTask.java:147)\n\tat org.junit.platform.engine.support.hierarchical.Node.around(Node.java:137)\n\tat org.junit.platform.engine.support.hierarchical.NodeTestTask.lambda$executeRecursively$9(NodeTestTask.java:145)\n\tat org.junit.platform.engine.support.hierarchical.ThrowableCollector.execute(ThrowableCollector.java:73)\n\tat org.junit.platform.engine.support.hierarchical.NodeTestTask.executeRecursively(NodeTestTask.java:144)\n\tat org.junit.platform.engine.support.hierarchical.NodeTestTask.execute(NodeTestTask.java:101)\n\tat java.base/java.util.ArrayList.forEach(ArrayList.java:1596)\n\tat org.junit.platform.engine.support.hierarchical.SameThreadHierarchicalTestExecutorService.invokeAll(SameThreadHierarchicalTestExecutorService.java:41)\n\tat org.junit.platform.engine.support.hierarchical.NodeTestTask.lambda$executeRecursively$6(NodeTestTask.java:161)\n\tat org.junit.platform.engine.support.hierarchical.ThrowableCollector.execute(ThrowableCollector.java:73)\n\tat org.junit.platform.engine.support.hierarchical.NodeTestTask.lambda$executeRecursively$8(NodeTestTask.java:147)\n\tat org.junit.platform.engine.support.hierarchical.Node.around(Node.java:137)\n\tat org.junit.platform.engine.support.hierarchical.NodeTestTask.lambda$executeRecursively$9(NodeTestTask.java:145)\n\tat org.junit.platform.engine.support.hierarchical.ThrowableCollector.execute(ThrowableCollector.java:73)\n\tat org.junit.platform.engine.support.hierarchical.NodeTestTask.executeRecursively(NodeTestTask.java:144)\n\tat org.junit.platform.engine.support.hierarchical.NodeTestTask.execute(NodeTestTask.java:101)\n\tat org.junit.platform.engine.support.hierarchical.SameThreadHierarchicalTestExecutorService.submit(SameThreadHierarchicalTestExecutorService.java:35)\n\tat org.junit.platform.engine.support.hierarchical.HierarchicalTestExecutor.execute(HierarchicalTestExecutor.java:57)\n\tat org.junit.platform.engine.support.hierarchical.HierarchicalTestEngine.execute(HierarchicalTestEngine.java:54)\n\tat org.junit.platform.launcher.core.EngineExecutionOrchestrator.executeEngine(EngineExecutionOrchestrator.java:230)\n\tat org.junit.platform.launcher.core.EngineExecutionOrchestrator.failOrExecuteEngine(EngineExecutionOrchestrator.java:204)\n\tat org.junit.platform.launcher.core.EngineExecutionOrchestrator.execute(EngineExecutionOrchestrator.java:172)\n\tat org.junit.platform.launcher.core.EngineExecutionOrchestrator.execute(EngineExecutionOrchestrator.java:101)\n\tat org.junit.platform.launcher.core.EngineExecutionOrchestrator.lambda$execute$0(EngineExecutionOrchestrator.java:64)\n\tat org.junit.platform.launcher.core.EngineExecutionOrchestrator.withInterceptedStreams(EngineExecutionOrchestrator.java:150)\n\tat org.junit.platform.launcher.core.EngineExecutionOrchestrator.execute(EngineExecutionOrchestrator.java:63)\n\tat org.junit.platform.launcher.core.DefaultLauncher.execute(DefaultLauncher.java:109)\n\tat org.junit.platform.launcher.core.DefaultLauncher.execute(DefaultLauncher.java:91)\n\tat org.junit.platform.launcher.core.DelegatingLauncher.execute(DelegatingLauncher.java:47)\n\tat org.junit.platform.launcher.core.InterceptingLauncher.lambda$execute$1(InterceptingLauncher.java:39)\n\tat org.junit.platform.launcher.core.ClasspathAlignmentCheckingLauncherInterceptor.intercept(ClasspathAlignmentCheckingLauncherInterceptor.java:25)\n\tat org.junit.platform.launcher.core.InterceptingLauncher.execute(InterceptingLauncher.java:38)\n\tat org.junit.platform.launcher.core.DelegatingLauncher.execute(DelegatingLauncher.java:47)\n\tat org.apache.maven.surefire.junitplatform.LazyLauncher.execute(LazyLauncher.java:56)\n\tat org.apache.maven.surefire.junitplatform.JUnitPlatformProvider.execute(JUnitPlatformProvider.java:184)\n\tat org.apache.maven.surefire.junitplatform.JUnitPlatformProvider.invokeAllTests(JUnitPlatformProvider.java:148)\n\tat org.apache.maven.surefire.junitplatform.JUnitPlatformProvider.invoke(JUnitPlatformProvider.java:122)\n\tat org.apache.maven.surefire.booter.ForkedBooter.runSuitesInProcess(ForkedBooter.java:385)\n\tat org.apache.maven.surefire.booter.ForkedBooter.execute(ForkedBooter.java:162)\n\tat org.apache.maven.surefire.booter.ForkedBooter.run(ForkedBooter.java:507)\n\tat org.apache.maven.surefire.booter.ForkedBooter.main(ForkedBooter.java:495)\nCaused by: com.microsoft.playwright.impl.DriverException: Error {\n  message='Error: strict mode violation: locator(\"//div[@class='message-container container success-color medium-text-center']\") resolved to 2 elements:\n    1) <div class=\"message-container container success-color medium-text-center\">…</div> aka getByText(\"Kontodetails erfolgreich geä\")\n    2) <div class=\"message-container container success-color medium-text-center\">…</div> aka getByText(\"„Ziyadem Special – Hediyelik Lokum Baklava Kutusu“ wurde deinem Warenkorb\")\n\n  name='Error\n  stack='Error: Error: strict mode violation: locator(\"//div[@class='message-container container success-color medium-text-center']\") resolved to 2 elements:\n    1) <div class=\"message-container container success-color medium-text-center\">…</div> aka getByText(\"Kontodetails erfolgreich geä\")\n    2) <div class=\"message-container container success-color medium-text-center\">…</div> aka getByText(\"„Ziyadem Special – Hediyelik Lokum Baklava Kutusu“ wurde deinem Warenkorb\")\n\n    at CRExecutionContext.evaluateWithArguments (/tmp/playwright-java-5807119072770957653/package/lib/server/chromium/crExecutionContext.js:80:13)\n    at async LongStandingScope._race (/tmp/playwright-java-5807119072770957653/package/lib/utils/isomorphic/manualPromise.js:94:14)\n    at async evaluateExpression (/tmp/playwright-java-5807119072770957653/package/lib/server/javascript.js:217:12)\n    at async /tmp/playwright-java-5807119072770957653/package/lib/server/frames.js:621:22\n    at async Frame.retryWithProgressAndTimeouts (/tmp/playwright-java-5807119072770957653/package/lib/server/frames.js:871:24)\n    at async FrameDispatcher.waitForSelector (/tmp/playwright-java-5807119072770957653/package/lib/server/dispatchers/frameDispatcher.js:82:98)\n    at async ProgressController.run (/tmp/playwright-java-5807119072770957653/package/lib/server/progress.js:139:41)\n    at async FrameDispatcher._runCommand (/tmp/playwright-java-5807119072770957653/package/lib/server/dispatchers/dispatcher.js:91:14)\n    at async DispatcherConnection.dispatch (/tmp/playwright-java-5807119072770957653/package/lib/server/dispatchers/dispatcher.js:322:22)\n}\nCall log:\n-   - waiting for locator(\"//div[@class='message-container container success-color medium-text-center']\") to be visible\n\n\tat com.microsoft.playwright.impl.Connection.dispatch(Connection.java:262)\n\tat com.microsoft.playwright.impl.Connection.processOneMessage(Connection.java:214)\n\tat com.microsoft.playwright.impl.ChannelOwner.runUntil(ChannelOwner.java:136)\n\t... 86 more\n","steps":[{"name":"Get locator for selector: //div[@class='message-container container success-color medium-text-center']","time":{"start":1763988259976,"stop":1763988259976,"duration":0},"status":"passed","steps":[],"attachments":[],"parameters":[{"name":"selector","value":"//div[@class='message-container container success-color medium-text-center']"}],"shouldDisplayMessage":false,"stepsCount":0,"attachmentsCount":0,"hasContent":true,"attachmentStep":false}],"attachments":[],"parameters":[{"name":"selector","value":"//div[@class='message-container container success-color medium-text-center']"}],"shouldDisplayMessage":true,"stepsCount":1,"attachmentsCount":0,"hasContent":true,"attachmentStep":false}],"attachments":[],"parameters":[],"shouldDisplayMessage":false,"stepsCount":9,"attachmentsCount":0,"hasContent":true,"attachmentStep":false}],"attachments":[],"parameters":[],"shouldDisplayMessage":false,"stepsCount":21,"attachmentsCount":0,"hasContent":true,"attachmentStep":false},"afterStages":[{"name":"afterEach","time":{"start":1763988260065,"stop":1763988260750,"duration":685},"status":"passed","steps":[],"attachments":[{"uid":"b1ca5c7a40ffbf48","name":"Скриншот","source":"b1ca5c7a40ffbf48.png","type":"image/png","size":260446}],"parameters":[],"shouldDisplayMessage":false,"stepsCount":0,"attachmentsCount":1,"hasContent":true,"attachmentStep":false},{"name":"afterAll","time":{"start":1763988363245,"stop":1763988363359,"duration":114},"status":"passed","steps":[],"attachments":[],"parameters":[],"shouldDisplayMessage":false,"stepsCount":0,"attachmentsCount":0,"hasContent":false,"attachmentStep":false}],"labels":[{"name":"junit.platform.uniqueid","value":"[engine:junit-jupiter]/[class:tests.purchaseFunction.PurchaseFunctionLoggedInUserTests]/[method:createOrderWithIncorrectPostcode()]"},{"name":"story","value":"Logged In User Order Placement"},{"name":"epic","value":"UI Tests"},{"name":"feature","value":"Purchase Function"},{"name":"owner","value":"Yuliia Nazarenko"},{"name":"host","value":"runnervmg1sw1"},{"name":"thread","value":"2204@runnervmg1sw1.main(1)"},{"name":"framework","value":"junit-platform"},{"name":"language","value":"java"},{"name":"package","value":"tests.purchaseFunction.PurchaseFunctionLoggedInUserTests"},{"name":"testClass","value":"tests.purchaseFunction.PurchaseFunctionLoggedInUserTests"},{"name":"testMethod","value":"createOrderWithIncorrectPostcode"},{"name":"suite","value":"Purchase Function Tests"},{"name":"resultFormat","value":"allure2"}],"parameters":[],"links":[],"hidden":true,"retry":true,"extra":{"categories":[],"tags":[]},"source":"3b233530bf4f0810.json","parameterValues":[]}