{"uid":"2e28333d0e00ae02","name":"Valid Email","fullName":"tests.accountDetails.ProfileTests.validEmail","historyId":"d4a4600066e8106b20ac33925ff91e92","time":{"start":1763985762043,"stop":1763985771639,"duration":9596},"description":"","status":"broken","statusMessage":"Error {\n  message='Error: strict mode violation: locator(\"div.woocommerce-message\") resolved to 2 elements:\n    1) <div role=\"alert\" class=\"woocommerce-message message-wrapper\">…</div> aka getByRole(AriaRole.ALERT).first()\n    2) <div role=\"alert\" class=\"woocommerce-message message-wrapper\">…</div> aka getByRole(AriaRole.ALERT).nth(1)\n\n  name='Error\n  stack='Error: Error: strict mode violation: locator(\"div.woocommerce-message\") resolved to 2 elements:\n    1) <div role=\"alert\" class=\"woocommerce-message message-wrapper\">…</div> aka getByRole(AriaRole.ALERT).first()\n    2) <div role=\"alert\" class=\"woocommerce-message message-wrapper\">…</div> aka getByRole(AriaRole.ALERT).nth(1)\n\n    at CRExecutionContext.evaluateWithArguments (/tmp/playwright-java-228526581098591402/package/lib/server/chromium/crExecutionContext.js:80:13)\n    at async LongStandingScope._race (/tmp/playwright-java-228526581098591402/package/lib/utils/isomorphic/manualPromise.js:94:14)\n    at async evaluateExpression (/tmp/playwright-java-228526581098591402/package/lib/server/javascript.js:217:12)\n    at async /tmp/playwright-java-228526581098591402/package/lib/server/frames.js:1306:39\n    at async Frame.retryWithProgressAndTimeouts (/tmp/playwright-java-228526581098591402/package/lib/server/frames.js:871:24)\n    at async FrameDispatcher.innerText (/tmp/playwright-java-228526581098591402/package/lib/server/dispatchers/frameDispatcher.js:142:21)\n    at async ProgressController.run (/tmp/playwright-java-228526581098591402/package/lib/server/progress.js:139:41)\n    at async FrameDispatcher._runCommand (/tmp/playwright-java-228526581098591402/package/lib/server/dispatchers/dispatcher.js:91:14)\n    at async DispatcherConnection.dispatch (/tmp/playwright-java-228526581098591402/package/lib/server/dispatchers/dispatcher.js:322:22)\n}\nCall log:\n-   - waiting for locator(\"div.woocommerce-message\")\n","statusTrace":"com.microsoft.playwright.PlaywrightException: Error {\n  message='Error: strict mode violation: locator(\"div.woocommerce-message\") resolved to 2 elements:\n    1) <div role=\"alert\" class=\"woocommerce-message message-wrapper\">…</div> aka getByRole(AriaRole.ALERT).first()\n    2) <div role=\"alert\" class=\"woocommerce-message message-wrapper\">…</div> aka getByRole(AriaRole.ALERT).nth(1)\n\n  name='Error\n  stack='Error: Error: strict mode violation: locator(\"div.woocommerce-message\") resolved to 2 elements:\n    1) <div role=\"alert\" class=\"woocommerce-message message-wrapper\">…</div> aka getByRole(AriaRole.ALERT).first()\n    2) <div role=\"alert\" class=\"woocommerce-message message-wrapper\">…</div> aka getByRole(AriaRole.ALERT).nth(1)\n\n    at CRExecutionContext.evaluateWithArguments (/tmp/playwright-java-228526581098591402/package/lib/server/chromium/crExecutionContext.js:80:13)\n    at async LongStandingScope._race (/tmp/playwright-java-228526581098591402/package/lib/utils/isomorphic/manualPromise.js:94:14)\n    at async evaluateExpression (/tmp/playwright-java-228526581098591402/package/lib/server/javascript.js:217:12)\n    at async /tmp/playwright-java-228526581098591402/package/lib/server/frames.js:1306:39\n    at async Frame.retryWithProgressAndTimeouts (/tmp/playwright-java-228526581098591402/package/lib/server/frames.js:871:24)\n    at async FrameDispatcher.innerText (/tmp/playwright-java-228526581098591402/package/lib/server/dispatchers/frameDispatcher.js:142:21)\n    at async ProgressController.run (/tmp/playwright-java-228526581098591402/package/lib/server/progress.js:139:41)\n    at async FrameDispatcher._runCommand (/tmp/playwright-java-228526581098591402/package/lib/server/dispatchers/dispatcher.js:91:14)\n    at async DispatcherConnection.dispatch (/tmp/playwright-java-228526581098591402/package/lib/server/dispatchers/dispatcher.js:322:22)\n}\nCall log:\n-   - waiting for locator(\"div.woocommerce-message\")\n\n\tat com.microsoft.playwright.impl.WaitableResult.get(WaitableResult.java:56)\n\tat com.microsoft.playwright.impl.ChannelOwner.runUntil(ChannelOwner.java:138)\n\tat com.microsoft.playwright.impl.Connection.sendMessage(Connection.java:131)\n\tat com.microsoft.playwright.impl.ChannelOwner.sendMessage(ChannelOwner.java:124)\n\tat com.microsoft.playwright.impl.FrameImpl.innerTextImpl(FrameImpl.java:482)\n\tat com.microsoft.playwright.impl.FrameImpl.innerText(FrameImpl.java:473)\n\tat com.microsoft.playwright.impl.LocatorImpl.innerText(LocatorImpl.java:370)\n\tat com.microsoft.playwright.Locator.innerText(Locator.java:3875)\n\tat pages.accountDetails.ProfilePage.getSuccessMessage(ProfilePage.java:70)\n\tat tests.accountDetails.ProfileTests.validEmail(ProfileTests.java:295)\n\tat java.base/java.lang.reflect.Method.invoke(Method.java:580)\n\tat java.base/java.util.ArrayList.forEach(ArrayList.java:1596)\n\tat java.base/java.util.ArrayList.forEach(ArrayList.java:1596)\nCaused by: com.microsoft.playwright.impl.DriverException: Error {\n  message='Error: strict mode violation: locator(\"div.woocommerce-message\") resolved to 2 elements:\n    1) <div role=\"alert\" class=\"woocommerce-message message-wrapper\">…</div> aka getByRole(AriaRole.ALERT).first()\n    2) <div role=\"alert\" class=\"woocommerce-message message-wrapper\">…</div> aka getByRole(AriaRole.ALERT).nth(1)\n\n  name='Error\n  stack='Error: Error: strict mode violation: locator(\"div.woocommerce-message\") resolved to 2 elements:\n    1) <div role=\"alert\" class=\"woocommerce-message message-wrapper\">…</div> aka getByRole(AriaRole.ALERT).first()\n    2) <div role=\"alert\" class=\"woocommerce-message message-wrapper\">…</div> aka getByRole(AriaRole.ALERT).nth(1)\n\n    at CRExecutionContext.evaluateWithArguments (/tmp/playwright-java-228526581098591402/package/lib/server/chromium/crExecutionContext.js:80:13)\n    at async LongStandingScope._race (/tmp/playwright-java-228526581098591402/package/lib/utils/isomorphic/manualPromise.js:94:14)\n    at async evaluateExpression (/tmp/playwright-java-228526581098591402/package/lib/server/javascript.js:217:12)\n    at async /tmp/playwright-java-228526581098591402/package/lib/server/frames.js:1306:39\n    at async Frame.retryWithProgressAndTimeouts (/tmp/playwright-java-228526581098591402/package/lib/server/frames.js:871:24)\n    at async FrameDispatcher.innerText (/tmp/playwright-java-228526581098591402/package/lib/server/dispatchers/frameDispatcher.js:142:21)\n    at async ProgressController.run (/tmp/playwright-java-228526581098591402/package/lib/server/progress.js:139:41)\n    at async FrameDispatcher._runCommand (/tmp/playwright-java-228526581098591402/package/lib/server/dispatchers/dispatcher.js:91:14)\n    at async DispatcherConnection.dispatch (/tmp/playwright-java-228526581098591402/package/lib/server/dispatchers/dispatcher.js:322:22)\n}\nCall log:\n-   - waiting for locator(\"div.woocommerce-message\")\n\n\tat com.microsoft.playwright.impl.Connection.dispatch(Connection.java:262)\n\tat com.microsoft.playwright.impl.Connection.processOneMessage(Connection.java:214)\n\tat com.microsoft.playwright.impl.ChannelOwner.runUntil(ChannelOwner.java:136)\n\t... 11 more\n","flaky":false,"newFailed":false,"newBroken":false,"newPassed":false,"retriesCount":0,"retriesStatusChange":false,"beforeStages":[{"name":"beforeAll","time":{"start":1763985677110,"stop":1763985692448,"duration":15338},"status":"passed","steps":[],"attachments":[],"parameters":[],"shouldDisplayMessage":false,"stepsCount":0,"attachmentsCount":0,"hasContent":false,"attachmentStep":false},{"name":"beforeEach","time":{"start":1763985762044,"stop":1763985762076,"duration":32},"status":"passed","steps":[],"attachments":[],"parameters":[],"shouldDisplayMessage":false,"stepsCount":0,"attachmentsCount":0,"hasContent":false,"attachmentStep":false},{"name":"setUp","time":{"start":1763985762077,"stop":1763985767806,"duration":5729},"status":"passed","steps":[{"name":"Login with credentials from config","time":{"start":1763985762077,"stop":1763985766718,"duration":4641},"status":"passed","steps":[{"name":"Open Login page","time":{"start":1763985762077,"stop":1763985765307,"duration":3230},"status":"passed","steps":[{"name":"Open page with path: /mein-konto/","time":{"start":1763985762077,"stop":1763985765277,"duration":3200},"status":"passed","steps":[],"attachments":[],"parameters":[{"name":"path","value":"/mein-konto/"}],"shouldDisplayMessage":false,"stepsCount":0,"attachmentsCount":0,"hasContent":true,"attachmentStep":false},{"name":"Wait for element to be visible: #username","time":{"start":1763985765278,"stop":1763985765307,"duration":29},"status":"passed","steps":[],"attachments":[],"parameters":[{"name":"selector","value":"#username"}],"shouldDisplayMessage":false,"stepsCount":0,"attachmentsCount":0,"hasContent":true,"attachmentStep":false}],"attachments":[],"parameters":[],"shouldDisplayMessage":false,"stepsCount":2,"attachmentsCount":0,"hasContent":true,"attachmentStep":false},{"name":"Submit login with username & password","time":{"start":1763985765308,"stop":1763985766718,"duration":1410},"status":"passed","steps":[{"name":"Enter username: my_test_email_rrr253010@mailnesia.com","time":{"start":1763985765308,"stop":1763985765326,"duration":18},"status":"passed","steps":[{"name":"Type my_test_email_rrr253010@mailnesia.com in to element: #username","time":{"start":1763985765308,"stop":1763985765326,"duration":18},"status":"passed","steps":[],"attachments":[],"parameters":[{"name":"selector","value":"#username"},{"name":"text","value":"my_test_email_rrr253010@mailnesia.com"}],"shouldDisplayMessage":false,"stepsCount":0,"attachmentsCount":0,"hasContent":true,"attachmentStep":false}],"attachments":[],"parameters":[{"name":"username","value":"my_test_email_rrr253010@mailnesia.com"}],"shouldDisplayMessage":false,"stepsCount":1,"attachmentsCount":0,"hasContent":true,"attachmentStep":false},{"name":"Enter password","time":{"start":1763985765326,"stop":1763985765342,"duration":16},"status":"passed","steps":[{"name":"Type estet345@Esdet in to element: #password","time":{"start":1763985765326,"stop":1763985765342,"duration":16},"status":"passed","steps":[],"attachments":[],"parameters":[{"name":"selector","value":"#password"},{"name":"text","value":"estet345@Esdet"}],"shouldDisplayMessage":false,"stepsCount":0,"attachmentsCount":0,"hasContent":true,"attachmentStep":false}],"attachments":[],"parameters":[{"name":"password","value":"estet345@Esdet"}],"shouldDisplayMessage":false,"stepsCount":1,"attachmentsCount":0,"hasContent":true,"attachmentStep":false},{"name":"Submit login form","time":{"start":1763985765342,"stop":1763985766718,"duration":1376},"status":"passed","steps":[{"name":"Click on element: button[name='login']","time":{"start":1763985765342,"stop":1763985766718,"duration":1376},"status":"passed","steps":[],"attachments":[],"parameters":[{"name":"selector","value":"button[name='login']"}],"shouldDisplayMessage":false,"stepsCount":0,"attachmentsCount":0,"hasContent":true,"attachmentStep":false}],"attachments":[],"parameters":[],"shouldDisplayMessage":false,"stepsCount":1,"attachmentsCount":0,"hasContent":true,"attachmentStep":false}],"attachments":[],"parameters":[{"name":"username","value":"my_test_email_rrr253010@mailnesia.com"},{"name":"password","value":"estet345@Esdet"}],"shouldDisplayMessage":false,"stepsCount":6,"attachmentsCount":0,"hasContent":true,"attachmentStep":false}],"attachments":[],"parameters":[],"shouldDisplayMessage":false,"stepsCount":10,"attachmentsCount":0,"hasContent":true,"attachmentStep":false},{"name":"Open Profile edit page","time":{"start":1763985766719,"stop":1763985767806,"duration":1087},"status":"passed","steps":[{"name":"Open page with path: mein-konto/edit-account","time":{"start":1763985766719,"stop":1763985767806,"duration":1087},"status":"passed","steps":[],"attachments":[],"parameters":[{"name":"path","value":"mein-konto/edit-account"}],"shouldDisplayMessage":false,"stepsCount":0,"attachmentsCount":0,"hasContent":true,"attachmentStep":false}],"attachments":[],"parameters":[],"shouldDisplayMessage":false,"stepsCount":1,"attachmentsCount":0,"hasContent":true,"attachmentStep":false}],"attachments":[],"parameters":[],"shouldDisplayMessage":false,"stepsCount":13,"attachmentsCount":0,"hasContent":true,"attachmentStep":false}],"testStage":{"description":"","status":"broken","statusMessage":"Error {\n  message='Error: strict mode violation: locator(\"div.woocommerce-message\") resolved to 2 elements:\n    1) <div role=\"alert\" class=\"woocommerce-message message-wrapper\">…</div> aka getByRole(AriaRole.ALERT).first()\n    2) <div role=\"alert\" class=\"woocommerce-message message-wrapper\">…</div> aka getByRole(AriaRole.ALERT).nth(1)\n\n  name='Error\n  stack='Error: Error: strict mode violation: locator(\"div.woocommerce-message\") resolved to 2 elements:\n    1) <div role=\"alert\" class=\"woocommerce-message message-wrapper\">…</div> aka getByRole(AriaRole.ALERT).first()\n    2) <div role=\"alert\" class=\"woocommerce-message message-wrapper\">…</div> aka getByRole(AriaRole.ALERT).nth(1)\n\n    at CRExecutionContext.evaluateWithArguments (/tmp/playwright-java-228526581098591402/package/lib/server/chromium/crExecutionContext.js:80:13)\n    at async LongStandingScope._race (/tmp/playwright-java-228526581098591402/package/lib/utils/isomorphic/manualPromise.js:94:14)\n    at async evaluateExpression (/tmp/playwright-java-228526581098591402/package/lib/server/javascript.js:217:12)\n    at async /tmp/playwright-java-228526581098591402/package/lib/server/frames.js:1306:39\n    at async Frame.retryWithProgressAndTimeouts (/tmp/playwright-java-228526581098591402/package/lib/server/frames.js:871:24)\n    at async FrameDispatcher.innerText (/tmp/playwright-java-228526581098591402/package/lib/server/dispatchers/frameDispatcher.js:142:21)\n    at async ProgressController.run (/tmp/playwright-java-228526581098591402/package/lib/server/progress.js:139:41)\n    at async FrameDispatcher._runCommand (/tmp/playwright-java-228526581098591402/package/lib/server/dispatchers/dispatcher.js:91:14)\n    at async DispatcherConnection.dispatch (/tmp/playwright-java-228526581098591402/package/lib/server/dispatchers/dispatcher.js:322:22)\n}\nCall log:\n-   - waiting for locator(\"div.woocommerce-message\")\n","statusTrace":"com.microsoft.playwright.PlaywrightException: Error {\n  message='Error: strict mode violation: locator(\"div.woocommerce-message\") resolved to 2 elements:\n    1) <div role=\"alert\" class=\"woocommerce-message message-wrapper\">…</div> aka getByRole(AriaRole.ALERT).first()\n    2) <div role=\"alert\" class=\"woocommerce-message message-wrapper\">…</div> aka getByRole(AriaRole.ALERT).nth(1)\n\n  name='Error\n  stack='Error: Error: strict mode violation: locator(\"div.woocommerce-message\") resolved to 2 elements:\n    1) <div role=\"alert\" class=\"woocommerce-message message-wrapper\">…</div> aka getByRole(AriaRole.ALERT).first()\n    2) <div role=\"alert\" class=\"woocommerce-message message-wrapper\">…</div> aka getByRole(AriaRole.ALERT).nth(1)\n\n    at CRExecutionContext.evaluateWithArguments (/tmp/playwright-java-228526581098591402/package/lib/server/chromium/crExecutionContext.js:80:13)\n    at async LongStandingScope._race (/tmp/playwright-java-228526581098591402/package/lib/utils/isomorphic/manualPromise.js:94:14)\n    at async evaluateExpression (/tmp/playwright-java-228526581098591402/package/lib/server/javascript.js:217:12)\n    at async /tmp/playwright-java-228526581098591402/package/lib/server/frames.js:1306:39\n    at async Frame.retryWithProgressAndTimeouts (/tmp/playwright-java-228526581098591402/package/lib/server/frames.js:871:24)\n    at async FrameDispatcher.innerText (/tmp/playwright-java-228526581098591402/package/lib/server/dispatchers/frameDispatcher.js:142:21)\n    at async ProgressController.run (/tmp/playwright-java-228526581098591402/package/lib/server/progress.js:139:41)\n    at async FrameDispatcher._runCommand (/tmp/playwright-java-228526581098591402/package/lib/server/dispatchers/dispatcher.js:91:14)\n    at async DispatcherConnection.dispatch (/tmp/playwright-java-228526581098591402/package/lib/server/dispatchers/dispatcher.js:322:22)\n}\nCall log:\n-   - waiting for locator(\"div.woocommerce-message\")\n\n\tat com.microsoft.playwright.impl.WaitableResult.get(WaitableResult.java:56)\n\tat com.microsoft.playwright.impl.ChannelOwner.runUntil(ChannelOwner.java:138)\n\tat com.microsoft.playwright.impl.Connection.sendMessage(Connection.java:131)\n\tat com.microsoft.playwright.impl.ChannelOwner.sendMessage(ChannelOwner.java:124)\n\tat com.microsoft.playwright.impl.FrameImpl.innerTextImpl(FrameImpl.java:482)\n\tat com.microsoft.playwright.impl.FrameImpl.innerText(FrameImpl.java:473)\n\tat com.microsoft.playwright.impl.LocatorImpl.innerText(LocatorImpl.java:370)\n\tat com.microsoft.playwright.Locator.innerText(Locator.java:3875)\n\tat pages.accountDetails.ProfilePage.getSuccessMessage(ProfilePage.java:70)\n\tat tests.accountDetails.ProfileTests.validEmail(ProfileTests.java:295)\n\tat java.base/java.lang.reflect.Method.invoke(Method.java:580)\n\tat java.base/java.util.ArrayList.forEach(ArrayList.java:1596)\n\tat java.base/java.util.ArrayList.forEach(ArrayList.java:1596)\nCaused by: com.microsoft.playwright.impl.DriverException: Error {\n  message='Error: strict mode violation: locator(\"div.woocommerce-message\") resolved to 2 elements:\n    1) <div role=\"alert\" class=\"woocommerce-message message-wrapper\">…</div> aka getByRole(AriaRole.ALERT).first()\n    2) <div role=\"alert\" class=\"woocommerce-message message-wrapper\">…</div> aka getByRole(AriaRole.ALERT).nth(1)\n\n  name='Error\n  stack='Error: Error: strict mode violation: locator(\"div.woocommerce-message\") resolved to 2 elements:\n    1) <div role=\"alert\" class=\"woocommerce-message message-wrapper\">…</div> aka getByRole(AriaRole.ALERT).first()\n    2) <div role=\"alert\" class=\"woocommerce-message message-wrapper\">…</div> aka getByRole(AriaRole.ALERT).nth(1)\n\n    at CRExecutionContext.evaluateWithArguments (/tmp/playwright-java-228526581098591402/package/lib/server/chromium/crExecutionContext.js:80:13)\n    at async LongStandingScope._race (/tmp/playwright-java-228526581098591402/package/lib/utils/isomorphic/manualPromise.js:94:14)\n    at async evaluateExpression (/tmp/playwright-java-228526581098591402/package/lib/server/javascript.js:217:12)\n    at async /tmp/playwright-java-228526581098591402/package/lib/server/frames.js:1306:39\n    at async Frame.retryWithProgressAndTimeouts (/tmp/playwright-java-228526581098591402/package/lib/server/frames.js:871:24)\n    at async FrameDispatcher.innerText (/tmp/playwright-java-228526581098591402/package/lib/server/dispatchers/frameDispatcher.js:142:21)\n    at async ProgressController.run (/tmp/playwright-java-228526581098591402/package/lib/server/progress.js:139:41)\n    at async FrameDispatcher._runCommand (/tmp/playwright-java-228526581098591402/package/lib/server/dispatchers/dispatcher.js:91:14)\n    at async DispatcherConnection.dispatch (/tmp/playwright-java-228526581098591402/package/lib/server/dispatchers/dispatcher.js:322:22)\n}\nCall log:\n-   - waiting for locator(\"div.woocommerce-message\")\n\n\tat com.microsoft.playwright.impl.Connection.dispatch(Connection.java:262)\n\tat com.microsoft.playwright.impl.Connection.processOneMessage(Connection.java:214)\n\tat com.microsoft.playwright.impl.ChannelOwner.runUntil(ChannelOwner.java:136)\n\t... 11 more\n","steps":[{"name":"Set Email and save","time":{"start":1763985767807,"stop":1763985769531,"duration":1724},"status":"passed","steps":[],"attachments":[],"parameters":[{"name":"value","value":"new_my_test_email_rrr253010@mailnesia.com"}],"shouldDisplayMessage":false,"stepsCount":0,"attachmentsCount":0,"hasContent":true,"attachmentStep":false},{"name":"Get Email value","time":{"start":1763985769531,"stop":1763985769623,"duration":92},"status":"passed","steps":[],"attachments":[],"parameters":[],"shouldDisplayMessage":false,"stepsCount":0,"attachmentsCount":0,"hasContent":false,"attachmentStep":false},{"name":"Get success message","time":{"start":1763985769623,"stop":1763985769674,"duration":51},"status":"broken","statusMessage":"Error {\n  message='Error: strict mode violation: locator(\"div.woocommerce-message\") resolved to 2 elements:\n    1) <div role=\"alert\" class=\"woocommerce-message message-wrapper\">…</div> aka getByRole(AriaRole.ALERT).first()\n    2) <div role=\"alert\" class=\"woocommerce-message message-wrapper\">…</div> aka getByRole(AriaRole.ALERT).nth(1)\n\n  name='Error\n  stack='Error: Error: strict mode violation: locator(\"div.woocommerce-message\") resolved to 2 elements:\n    1) <div role=\"alert\" class=\"woocommerce-message message-wrapper\">…</div> aka getByRole(AriaRole.ALERT).first()\n    2) <div role=\"alert\" class=\"woocommerce-message message-wrapper\">…</div> aka getByRole(AriaRole.ALERT).nth(1)\n\n    at CRExecutionContext.evaluateWithArguments (/tmp/playwright-java-228526581098591402/package/lib/server/chromium/crExecutionContext.js:80:13)\n    at async LongStandingScope._race (/tmp/playwright-java-228526581098591402/package/lib/utils/isomorphic/manualPromise.js:94:14)\n    at async evaluateExpression (/tmp/playwright-java-228526581098591402/package/lib/server/javascript.js:217:12)\n    at async /tmp/playwright-java-228526581098591402/package/lib/server/frames.js:1306:39\n    at async Frame.retryWithProgressAndTimeouts (/tmp/playwright-java-228526581098591402/package/lib/server/frames.js:871:24)\n    at async FrameDispatcher.innerText (/tmp/playwright-java-228526581098591402/package/lib/server/dispatchers/frameDispatcher.js:142:21)\n    at async ProgressController.run (/tmp/playwright-java-228526581098591402/package/lib/server/progress.js:139:41)\n    at async FrameDispatcher._runCommand (/tmp/playwright-java-228526581098591402/package/lib/server/dispatchers/dispatcher.js:91:14)\n    at async DispatcherConnection.dispatch (/tmp/playwright-java-228526581098591402/package/lib/server/dispatchers/dispatcher.js:322:22)\n}\nCall log:\n-   - waiting for locator(\"div.woocommerce-message\")\n","statusTrace":"com.microsoft.playwright.PlaywrightException: Error {\n  message='Error: strict mode violation: locator(\"div.woocommerce-message\") resolved to 2 elements:\n    1) <div role=\"alert\" class=\"woocommerce-message message-wrapper\">…</div> aka getByRole(AriaRole.ALERT).first()\n    2) <div role=\"alert\" class=\"woocommerce-message message-wrapper\">…</div> aka getByRole(AriaRole.ALERT).nth(1)\n\n  name='Error\n  stack='Error: Error: strict mode violation: locator(\"div.woocommerce-message\") resolved to 2 elements:\n    1) <div role=\"alert\" class=\"woocommerce-message message-wrapper\">…</div> aka getByRole(AriaRole.ALERT).first()\n    2) <div role=\"alert\" class=\"woocommerce-message message-wrapper\">…</div> aka getByRole(AriaRole.ALERT).nth(1)\n\n    at CRExecutionContext.evaluateWithArguments (/tmp/playwright-java-228526581098591402/package/lib/server/chromium/crExecutionContext.js:80:13)\n    at async LongStandingScope._race (/tmp/playwright-java-228526581098591402/package/lib/utils/isomorphic/manualPromise.js:94:14)\n    at async evaluateExpression (/tmp/playwright-java-228526581098591402/package/lib/server/javascript.js:217:12)\n    at async /tmp/playwright-java-228526581098591402/package/lib/server/frames.js:1306:39\n    at async Frame.retryWithProgressAndTimeouts (/tmp/playwright-java-228526581098591402/package/lib/server/frames.js:871:24)\n    at async FrameDispatcher.innerText (/tmp/playwright-java-228526581098591402/package/lib/server/dispatchers/frameDispatcher.js:142:21)\n    at async ProgressController.run (/tmp/playwright-java-228526581098591402/package/lib/server/progress.js:139:41)\n    at async FrameDispatcher._runCommand (/tmp/playwright-java-228526581098591402/package/lib/server/dispatchers/dispatcher.js:91:14)\n    at async DispatcherConnection.dispatch (/tmp/playwright-java-228526581098591402/package/lib/server/dispatchers/dispatcher.js:322:22)\n}\nCall log:\n-   - waiting for locator(\"div.woocommerce-message\")\n\n\tat com.microsoft.playwright.impl.WaitableResult.get(WaitableResult.java:56)\n\tat com.microsoft.playwright.impl.ChannelOwner.runUntil(ChannelOwner.java:138)\n\tat com.microsoft.playwright.impl.Connection.sendMessage(Connection.java:131)\n\tat com.microsoft.playwright.impl.ChannelOwner.sendMessage(ChannelOwner.java:124)\n\tat com.microsoft.playwright.impl.FrameImpl.innerTextImpl(FrameImpl.java:482)\n\tat com.microsoft.playwright.impl.FrameImpl.innerText(FrameImpl.java:473)\n\tat com.microsoft.playwright.impl.LocatorImpl.innerText(LocatorImpl.java:370)\n\tat com.microsoft.playwright.Locator.innerText(Locator.java:3875)\n\tat pages.accountDetails.ProfilePage.getSuccessMessage(ProfilePage.java:70)\n\tat tests.accountDetails.ProfileTests.validEmail(ProfileTests.java:295)\n\tat java.base/jdk.internal.reflect.DirectMethodHandleAccessor.invoke(DirectMethodHandleAccessor.java:103)\n\tat java.base/java.lang.reflect.Method.invoke(Method.java:580)\n\tat org.junit.platform.commons.util.ReflectionUtils.invokeMethod(ReflectionUtils.java:787)\n\tat org.junit.platform.commons.support.ReflectionSupport.invokeMethod(ReflectionSupport.java:478)\n\tat org.junit.jupiter.engine.execution.MethodInvocation.proceed(MethodInvocation.java:60)\n\tat org.junit.jupiter.engine.execution.InvocationInterceptorChain$ValidatingInvocation.proceed(InvocationInterceptorChain.java:131)\n\tat org.junit.jupiter.api.extension.InvocationInterceptor.interceptTestMethod(InvocationInterceptor.java:129)\n\tat org.junit.jupiter.engine.execution.InterceptingExecutableInvoker$ReflectiveInterceptorCall.lambda$ofVoidMethod$0(InterceptingExecutableInvoker.java:112)\n\tat org.junit.jupiter.engine.execution.InterceptingExecutableInvoker.lambda$invoke$0(InterceptingExecutableInvoker.java:94)\n\tat org.junit.jupiter.engine.execution.InvocationInterceptorChain$InterceptedInvocation.proceed(InvocationInterceptorChain.java:106)\n\tat org.junit.jupiter.engine.extension.TimeoutExtension.intercept(TimeoutExtension.java:161)\n\tat org.junit.jupiter.engine.extension.TimeoutExtension.interceptTestableMethod(TimeoutExtension.java:152)\n\tat org.junit.jupiter.engine.extension.TimeoutExtension.interceptTestMethod(TimeoutExtension.java:91)\n\tat org.junit.jupiter.engine.execution.InterceptingExecutableInvoker$ReflectiveInterceptorCall.lambda$ofVoidMethod$0(InterceptingExecutableInvoker.java:112)\n\tat org.junit.jupiter.engine.execution.InterceptingExecutableInvoker.lambda$invoke$0(InterceptingExecutableInvoker.java:94)\n\tat org.junit.jupiter.engine.execution.InvocationInterceptorChain$InterceptedInvocation.proceed(InvocationInterceptorChain.java:106)\n\tat org.junit.jupiter.engine.execution.InvocationInterceptorChain.proceed(InvocationInterceptorChain.java:64)\n\tat org.junit.jupiter.engine.execution.InvocationInterceptorChain.chainAndInvoke(InvocationInterceptorChain.java:45)\n\tat org.junit.jupiter.engine.execution.InvocationInterceptorChain.invoke(InvocationInterceptorChain.java:37)\n\tat org.junit.jupiter.engine.execution.InterceptingExecutableInvoker.invoke(InterceptingExecutableInvoker.java:93)\n\tat org.junit.jupiter.engine.execution.InterceptingExecutableInvoker.invoke(InterceptingExecutableInvoker.java:87)\n\tat org.junit.jupiter.engine.descriptor.TestMethodTestDescriptor.lambda$invokeTestMethod$4(TestMethodTestDescriptor.java:221)\n\tat org.junit.platform.engine.support.hierarchical.ThrowableCollector.execute(ThrowableCollector.java:73)\n\tat org.junit.jupiter.engine.descriptor.TestMethodTestDescriptor.invokeTestMethod(TestMethodTestDescriptor.java:217)\n\tat org.junit.jupiter.engine.descriptor.TestMethodTestDescriptor.execute(TestMethodTestDescriptor.java:159)\n\tat org.junit.jupiter.engine.descriptor.TestMethodTestDescriptor.execute(TestMethodTestDescriptor.java:70)\n\tat org.junit.platform.engine.support.hierarchical.NodeTestTask.lambda$executeRecursively$6(NodeTestTask.java:157)\n\tat org.junit.platform.engine.support.hierarchical.ThrowableCollector.execute(ThrowableCollector.java:73)\n\tat org.junit.platform.engine.support.hierarchical.NodeTestTask.lambda$executeRecursively$8(NodeTestTask.java:147)\n\tat org.junit.platform.engine.support.hierarchical.Node.around(Node.java:137)\n\tat org.junit.platform.engine.support.hierarchical.NodeTestTask.lambda$executeRecursively$9(NodeTestTask.java:145)\n\tat org.junit.platform.engine.support.hierarchical.ThrowableCollector.execute(ThrowableCollector.java:73)\n\tat org.junit.platform.engine.support.hierarchical.NodeTestTask.executeRecursively(NodeTestTask.java:144)\n\tat org.junit.platform.engine.support.hierarchical.NodeTestTask.execute(NodeTestTask.java:101)\n\tat java.base/java.util.ArrayList.forEach(ArrayList.java:1596)\n\tat org.junit.platform.engine.support.hierarchical.SameThreadHierarchicalTestExecutorService.invokeAll(SameThreadHierarchicalTestExecutorService.java:41)\n\tat org.junit.platform.engine.support.hierarchical.NodeTestTask.lambda$executeRecursively$6(NodeTestTask.java:161)\n\tat org.junit.platform.engine.support.hierarchical.ThrowableCollector.execute(ThrowableCollector.java:73)\n\tat org.junit.platform.engine.support.hierarchical.NodeTestTask.lambda$executeRecursively$8(NodeTestTask.java:147)\n\tat org.junit.platform.engine.support.hierarchical.Node.around(Node.java:137)\n\tat org.junit.platform.engine.support.hierarchical.NodeTestTask.lambda$executeRecursively$9(NodeTestTask.java:145)\n\tat org.junit.platform.engine.support.hierarchical.ThrowableCollector.execute(ThrowableCollector.java:73)\n\tat org.junit.platform.engine.support.hierarchical.NodeTestTask.executeRecursively(NodeTestTask.java:144)\n\tat org.junit.platform.engine.support.hierarchical.NodeTestTask.execute(NodeTestTask.java:101)\n\tat java.base/java.util.ArrayList.forEach(ArrayList.java:1596)\n\tat org.junit.platform.engine.support.hierarchical.SameThreadHierarchicalTestExecutorService.invokeAll(SameThreadHierarchicalTestExecutorService.java:41)\n\tat org.junit.platform.engine.support.hierarchical.NodeTestTask.lambda$executeRecursively$6(NodeTestTask.java:161)\n\tat org.junit.platform.engine.support.hierarchical.ThrowableCollector.execute(ThrowableCollector.java:73)\n\tat org.junit.platform.engine.support.hierarchical.NodeTestTask.lambda$executeRecursively$8(NodeTestTask.java:147)\n\tat org.junit.platform.engine.support.hierarchical.Node.around(Node.java:137)\n\tat org.junit.platform.engine.support.hierarchical.NodeTestTask.lambda$executeRecursively$9(NodeTestTask.java:145)\n\tat org.junit.platform.engine.support.hierarchical.ThrowableCollector.execute(ThrowableCollector.java:73)\n\tat org.junit.platform.engine.support.hierarchical.NodeTestTask.executeRecursively(NodeTestTask.java:144)\n\tat org.junit.platform.engine.support.hierarchical.NodeTestTask.execute(NodeTestTask.java:101)\n\tat org.junit.platform.engine.support.hierarchical.SameThreadHierarchicalTestExecutorService.submit(SameThreadHierarchicalTestExecutorService.java:35)\n\tat org.junit.platform.engine.support.hierarchical.HierarchicalTestExecutor.execute(HierarchicalTestExecutor.java:57)\n\tat org.junit.platform.engine.support.hierarchical.HierarchicalTestEngine.execute(HierarchicalTestEngine.java:54)\n\tat org.junit.platform.launcher.core.EngineExecutionOrchestrator.executeEngine(EngineExecutionOrchestrator.java:230)\n\tat org.junit.platform.launcher.core.EngineExecutionOrchestrator.failOrExecuteEngine(EngineExecutionOrchestrator.java:204)\n\tat org.junit.platform.launcher.core.EngineExecutionOrchestrator.execute(EngineExecutionOrchestrator.java:172)\n\tat org.junit.platform.launcher.core.EngineExecutionOrchestrator.execute(EngineExecutionOrchestrator.java:101)\n\tat org.junit.platform.launcher.core.EngineExecutionOrchestrator.lambda$execute$0(EngineExecutionOrchestrator.java:64)\n\tat org.junit.platform.launcher.core.EngineExecutionOrchestrator.withInterceptedStreams(EngineExecutionOrchestrator.java:150)\n\tat org.junit.platform.launcher.core.EngineExecutionOrchestrator.execute(EngineExecutionOrchestrator.java:63)\n\tat org.junit.platform.launcher.core.DefaultLauncher.execute(DefaultLauncher.java:109)\n\tat org.junit.platform.launcher.core.DefaultLauncher.execute(DefaultLauncher.java:91)\n\tat org.junit.platform.launcher.core.DelegatingLauncher.execute(DelegatingLauncher.java:47)\n\tat org.junit.platform.launcher.core.InterceptingLauncher.lambda$execute$1(InterceptingLauncher.java:39)\n\tat org.junit.platform.launcher.core.ClasspathAlignmentCheckingLauncherInterceptor.intercept(ClasspathAlignmentCheckingLauncherInterceptor.java:25)\n\tat org.junit.platform.launcher.core.InterceptingLauncher.execute(InterceptingLauncher.java:38)\n\tat org.junit.platform.launcher.core.DelegatingLauncher.execute(DelegatingLauncher.java:47)\n\tat org.apache.maven.surefire.junitplatform.LazyLauncher.execute(LazyLauncher.java:56)\n\tat org.apache.maven.surefire.junitplatform.JUnitPlatformProvider.execute(JUnitPlatformProvider.java:184)\n\tat org.apache.maven.surefire.junitplatform.JUnitPlatformProvider.invokeAllTests(JUnitPlatformProvider.java:148)\n\tat org.apache.maven.surefire.junitplatform.JUnitPlatformProvider.invoke(JUnitPlatformProvider.java:122)\n\tat org.apache.maven.surefire.booter.ForkedBooter.runSuitesInProcess(ForkedBooter.java:385)\n\tat org.apache.maven.surefire.booter.ForkedBooter.execute(ForkedBooter.java:162)\n\tat org.apache.maven.surefire.booter.ForkedBooter.run(ForkedBooter.java:507)\n\tat org.apache.maven.surefire.booter.ForkedBooter.main(ForkedBooter.java:495)\nCaused by: com.microsoft.playwright.impl.DriverException: Error {\n  message='Error: strict mode violation: locator(\"div.woocommerce-message\") resolved to 2 elements:\n    1) <div role=\"alert\" class=\"woocommerce-message message-wrapper\">…</div> aka getByRole(AriaRole.ALERT).first()\n    2) <div role=\"alert\" class=\"woocommerce-message message-wrapper\">…</div> aka getByRole(AriaRole.ALERT).nth(1)\n\n  name='Error\n  stack='Error: Error: strict mode violation: locator(\"div.woocommerce-message\") resolved to 2 elements:\n    1) <div role=\"alert\" class=\"woocommerce-message message-wrapper\">…</div> aka getByRole(AriaRole.ALERT).first()\n    2) <div role=\"alert\" class=\"woocommerce-message message-wrapper\">…</div> aka getByRole(AriaRole.ALERT).nth(1)\n\n    at CRExecutionContext.evaluateWithArguments (/tmp/playwright-java-228526581098591402/package/lib/server/chromium/crExecutionContext.js:80:13)\n    at async LongStandingScope._race (/tmp/playwright-java-228526581098591402/package/lib/utils/isomorphic/manualPromise.js:94:14)\n    at async evaluateExpression (/tmp/playwright-java-228526581098591402/package/lib/server/javascript.js:217:12)\n    at async /tmp/playwright-java-228526581098591402/package/lib/server/frames.js:1306:39\n    at async Frame.retryWithProgressAndTimeouts (/tmp/playwright-java-228526581098591402/package/lib/server/frames.js:871:24)\n    at async FrameDispatcher.innerText (/tmp/playwright-java-228526581098591402/package/lib/server/dispatchers/frameDispatcher.js:142:21)\n    at async ProgressController.run (/tmp/playwright-java-228526581098591402/package/lib/server/progress.js:139:41)\n    at async FrameDispatcher._runCommand (/tmp/playwright-java-228526581098591402/package/lib/server/dispatchers/dispatcher.js:91:14)\n    at async DispatcherConnection.dispatch (/tmp/playwright-java-228526581098591402/package/lib/server/dispatchers/dispatcher.js:322:22)\n}\nCall log:\n-   - waiting for locator(\"div.woocommerce-message\")\n\n\tat com.microsoft.playwright.impl.Connection.dispatch(Connection.java:262)\n\tat com.microsoft.playwright.impl.Connection.processOneMessage(Connection.java:214)\n\tat com.microsoft.playwright.impl.ChannelOwner.runUntil(ChannelOwner.java:136)\n\t... 87 more\n","steps":[],"attachments":[],"parameters":[],"shouldDisplayMessage":true,"stepsCount":0,"attachmentsCount":0,"hasContent":true,"attachmentStep":false},{"name":"Set Email and save","time":{"start":1763985769674,"stop":1763985771194,"duration":1520},"status":"passed","steps":[],"attachments":[],"parameters":[{"name":"value","value":"my_test_email_rrr253010@mailnesia.com"}],"shouldDisplayMessage":false,"stepsCount":0,"attachmentsCount":0,"hasContent":true,"attachmentStep":false}],"attachments":[],"parameters":[],"shouldDisplayMessage":false,"stepsCount":4,"attachmentsCount":0,"hasContent":true,"attachmentStep":false},"afterStages":[{"name":"afterEach","time":{"start":1763985771205,"stop":1763985771630,"duration":425},"status":"passed","steps":[],"attachments":[{"uid":"8d2e5e8717bb9aa3","name":"Скриншот","source":"8d2e5e8717bb9aa3.png","type":"image/png","size":54683}],"parameters":[],"shouldDisplayMessage":false,"stepsCount":0,"attachmentsCount":1,"hasContent":true,"attachmentStep":false},{"name":"afterAll","time":{"start":1763985852122,"stop":1763985852210,"duration":88},"status":"passed","steps":[],"attachments":[],"parameters":[],"shouldDisplayMessage":false,"stepsCount":0,"attachmentsCount":0,"hasContent":false,"attachmentStep":false}],"labels":[{"name":"junit.platform.uniqueid","value":"[engine:junit-jupiter]/[class:tests.accountDetails.ProfileTests]/[method:validEmail()]"},{"name":"epic","value":"UI Tests"},{"name":"owner","value":"Oleksiy Korniyenko"},{"name":"feature","value":"Account Details"},{"name":"host","value":"runnervmg1sw1"},{"name":"thread","value":"2202@runnervmg1sw1.main(1)"},{"name":"framework","value":"junit-platform"},{"name":"language","value":"java"},{"name":"package","value":"tests.accountDetails.ProfileTests"},{"name":"testClass","value":"tests.accountDetails.ProfileTests"},{"name":"testMethod","value":"validEmail"},{"name":"suite","value":"Account Details Tests"},{"name":"resultFormat","value":"allure2"}],"parameters":[],"links":[],"hidden":false,"retry":false,"extra":{"severity":"normal","owner":"Oleksiy Korniyenko","retries":[],"categories":[{"name":"Test defects","matchedStatuses":[],"flaky":false}],"tags":[]},"source":"2e28333d0e00ae02.json","parameterValues":[]}