{"uid":"6f164d1a0843c118","name":"Check error message when current password is wrong","fullName":"tests.changePassword.ChangePasswordTests.changePasswordWithIncorrectCurrentPassword","historyId":"dc77b5b0e6f991652820f0d775d19e57","time":{"start":1763738385661,"stop":1763738390470,"duration":4809},"description":"","status":"broken","statusMessage":"Error {\n  message='Error: strict mode violation: locator(\"button[name='login'], .woocommerce-form-login__submit, button[type='submit']\") resolved to 4 elements:\n    1) <button name=\"login\" type=\"submit\" value=\"Anmelden\" class=\"woocommerce-button button woocommerce-form-login__submit\">Anmelden</button> aka getByRole(AriaRole.BUTTON, new Page.GetByRoleOptions().setName(\"Anmelden\"))\n    2) <button type=\"submit\" name=\"register\" value=\"Registrieren\" class=\"woocommerce-Button woocommerce-button button woocommerce-form-register__submit\">Registrieren</button> aka getByRole(AriaRole.BUTTON, new Page.GetByRoleOptions().setName(\"Registrieren\"))\n    3) <button type=\"submit\" value=\"Suchen\" aria-label=\"Overmitteln\" class=\"ux-search-submit submit-button secondary button  icon mb-0\">…</button> aka getByRole(AriaRole.BUTTON, new Page.GetByRoleOptions().setName(\"Overmitteln\"))\n    4) <button type=\"submit\" value=\"Suchen\" aria-label=\"Übermitteln\" class=\"ux-search-submit submit-button secondary button  icon mb-0\">…</button> aka getByLabel(\"Übermitteln\")\n\n  name='Error\n  stack='Error: Error: strict mode violation: locator(\"button[name='login'], .woocommerce-form-login__submit, button[type='submit']\") resolved to 4 elements:\n    1) <button name=\"login\" type=\"submit\" value=\"Anmelden\" class=\"woocommerce-button button woocommerce-form-login__submit\">Anmelden</button> aka getByRole(AriaRole.BUTTON, new Page.GetByRoleOptions().setName(\"Anmelden\"))\n    2) <button type=\"submit\" name=\"register\" value=\"Registrieren\" class=\"woocommerce-Button woocommerce-button button woocommerce-form-register__submit\">Registrieren</button> aka getByRole(AriaRole.BUTTON, new Page.GetByRoleOptions().setName(\"Registrieren\"))\n    3) <button type=\"submit\" value=\"Suchen\" aria-label=\"Overmitteln\" class=\"ux-search-submit submit-button secondary button  icon mb-0\">…</button> aka getByRole(AriaRole.BUTTON, new Page.GetByRoleOptions().setName(\"Overmitteln\"))\n    4) <button type=\"submit\" value=\"Suchen\" aria-label=\"Übermitteln\" class=\"ux-search-submit submit-button secondary button  icon mb-0\">…</button> aka getByLabel(\"Übermitteln\")\n\n    at CRExecutionContext.evaluateWithArguments (/tmp/playwright-java-8816851871948610587/package/lib/server/chromium/crExecutionContext.js:80:13)\n    at async LongStandingScope._race (/tmp/playwright-java-8816851871948610587/package/lib/utils/isomorphic/manualPromise.js:94:14)\n    at async evaluateExpression (/tmp/playwright-java-8816851871948610587/package/lib/server/javascript.js:217:12)\n    at async /tmp/playwright-java-8816851871948610587/package/lib/server/frames.js:621:22\n    at async Frame.retryWithProgressAndTimeouts (/tmp/playwright-java-8816851871948610587/package/lib/server/frames.js:871:24)\n    at async FrameDispatcher.waitForSelector (/tmp/playwright-java-8816851871948610587/package/lib/server/dispatchers/frameDispatcher.js:82:98)\n    at async ProgressController.run (/tmp/playwright-java-8816851871948610587/package/lib/server/progress.js:139:41)\n    at async FrameDispatcher._runCommand (/tmp/playwright-java-8816851871948610587/package/lib/server/dispatchers/dispatcher.js:91:14)\n    at async DispatcherConnection.dispatch (/tmp/playwright-java-8816851871948610587/package/lib/server/dispatchers/dispatcher.js:322:22)\n}\nCall log:\n-   - waiting for locator(\"button[name='login'], .woocommerce-form-login__submit, button[type='submit']\") to be visible\n","statusTrace":"com.microsoft.playwright.PlaywrightException: Error {\n  message='Error: strict mode violation: locator(\"button[name='login'], .woocommerce-form-login__submit, button[type='submit']\") resolved to 4 elements:\n    1) <button name=\"login\" type=\"submit\" value=\"Anmelden\" class=\"woocommerce-button button woocommerce-form-login__submit\">Anmelden</button> aka getByRole(AriaRole.BUTTON, new Page.GetByRoleOptions().setName(\"Anmelden\"))\n    2) <button type=\"submit\" name=\"register\" value=\"Registrieren\" class=\"woocommerce-Button woocommerce-button button woocommerce-form-register__submit\">Registrieren</button> aka getByRole(AriaRole.BUTTON, new Page.GetByRoleOptions().setName(\"Registrieren\"))\n    3) <button type=\"submit\" value=\"Suchen\" aria-label=\"Overmitteln\" class=\"ux-search-submit submit-button secondary button  icon mb-0\">…</button> aka getByRole(AriaRole.BUTTON, new Page.GetByRoleOptions().setName(\"Overmitteln\"))\n    4) <button type=\"submit\" value=\"Suchen\" aria-label=\"Übermitteln\" class=\"ux-search-submit submit-button secondary button  icon mb-0\">…</button> aka getByLabel(\"Übermitteln\")\n\n  name='Error\n  stack='Error: Error: strict mode violation: locator(\"button[name='login'], .woocommerce-form-login__submit, button[type='submit']\") resolved to 4 elements:\n    1) <button name=\"login\" type=\"submit\" value=\"Anmelden\" class=\"woocommerce-button button woocommerce-form-login__submit\">Anmelden</button> aka getByRole(AriaRole.BUTTON, new Page.GetByRoleOptions().setName(\"Anmelden\"))\n    2) <button type=\"submit\" name=\"register\" value=\"Registrieren\" class=\"woocommerce-Button woocommerce-button button woocommerce-form-register__submit\">Registrieren</button> aka getByRole(AriaRole.BUTTON, new Page.GetByRoleOptions().setName(\"Registrieren\"))\n    3) <button type=\"submit\" value=\"Suchen\" aria-label=\"Overmitteln\" class=\"ux-search-submit submit-button secondary button  icon mb-0\">…</button> aka getByRole(AriaRole.BUTTON, new Page.GetByRoleOptions().setName(\"Overmitteln\"))\n    4) <button type=\"submit\" value=\"Suchen\" aria-label=\"Übermitteln\" class=\"ux-search-submit submit-button secondary button  icon mb-0\">…</button> aka getByLabel(\"Übermitteln\")\n\n    at CRExecutionContext.evaluateWithArguments (/tmp/playwright-java-8816851871948610587/package/lib/server/chromium/crExecutionContext.js:80:13)\n    at async LongStandingScope._race (/tmp/playwright-java-8816851871948610587/package/lib/utils/isomorphic/manualPromise.js:94:14)\n    at async evaluateExpression (/tmp/playwright-java-8816851871948610587/package/lib/server/javascript.js:217:12)\n    at async /tmp/playwright-java-8816851871948610587/package/lib/server/frames.js:621:22\n    at async Frame.retryWithProgressAndTimeouts (/tmp/playwright-java-8816851871948610587/package/lib/server/frames.js:871:24)\n    at async FrameDispatcher.waitForSelector (/tmp/playwright-java-8816851871948610587/package/lib/server/dispatchers/frameDispatcher.js:82:98)\n    at async ProgressController.run (/tmp/playwright-java-8816851871948610587/package/lib/server/progress.js:139:41)\n    at async FrameDispatcher._runCommand (/tmp/playwright-java-8816851871948610587/package/lib/server/dispatchers/dispatcher.js:91:14)\n    at async DispatcherConnection.dispatch (/tmp/playwright-java-8816851871948610587/package/lib/server/dispatchers/dispatcher.js:322:22)\n}\nCall log:\n-   - waiting for locator(\"button[name='login'], .woocommerce-form-login__submit, button[type='submit']\") to be visible\n\n\tat com.microsoft.playwright.impl.WaitableResult.get(WaitableResult.java:56)\n\tat com.microsoft.playwright.impl.ChannelOwner.runUntil(ChannelOwner.java:138)\n\tat com.microsoft.playwright.impl.Connection.sendMessage(Connection.java:131)\n\tat com.microsoft.playwright.impl.ChannelOwner.sendMessage(ChannelOwner.java:124)\n\tat com.microsoft.playwright.impl.FrameImpl.waitForSelectorImpl(FrameImpl.java:985)\n\tat com.microsoft.playwright.impl.LocatorImpl.waitFor(LocatorImpl.java:625)\n\tat tests.changePassword.ChangePasswordTests.loginAsDefinedUser(ChangePasswordTests.java:32)\n\tat java.base/java.lang.reflect.Method.invoke(Method.java:580)\n\tat io.qameta.allure.junit5.AllureJunit5.processFixture(AllureJunit5.java:138)\n\tat io.qameta.allure.junit5.AllureJunit5.interceptBeforeEachMethod(AllureJunit5.java:116)\n\tat java.base/java.util.ArrayList.forEach(ArrayList.java:1596)\n\tat java.base/java.util.ArrayList.forEach(ArrayList.java:1596)\nCaused by: com.microsoft.playwright.impl.DriverException: Error {\n  message='Error: strict mode violation: locator(\"button[name='login'], .woocommerce-form-login__submit, button[type='submit']\") resolved to 4 elements:\n    1) <button name=\"login\" type=\"submit\" value=\"Anmelden\" class=\"woocommerce-button button woocommerce-form-login__submit\">Anmelden</button> aka getByRole(AriaRole.BUTTON, new Page.GetByRoleOptions().setName(\"Anmelden\"))\n    2) <button type=\"submit\" name=\"register\" value=\"Registrieren\" class=\"woocommerce-Button woocommerce-button button woocommerce-form-register__submit\">Registrieren</button> aka getByRole(AriaRole.BUTTON, new Page.GetByRoleOptions().setName(\"Registrieren\"))\n    3) <button type=\"submit\" value=\"Suchen\" aria-label=\"Overmitteln\" class=\"ux-search-submit submit-button secondary button  icon mb-0\">…</button> aka getByRole(AriaRole.BUTTON, new Page.GetByRoleOptions().setName(\"Overmitteln\"))\n    4) <button type=\"submit\" value=\"Suchen\" aria-label=\"Übermitteln\" class=\"ux-search-submit submit-button secondary button  icon mb-0\">…</button> aka getByLabel(\"Übermitteln\")\n\n  name='Error\n  stack='Error: Error: strict mode violation: locator(\"button[name='login'], .woocommerce-form-login__submit, button[type='submit']\") resolved to 4 elements:\n    1) <button name=\"login\" type=\"submit\" value=\"Anmelden\" class=\"woocommerce-button button woocommerce-form-login__submit\">Anmelden</button> aka getByRole(AriaRole.BUTTON, new Page.GetByRoleOptions().setName(\"Anmelden\"))\n    2) <button type=\"submit\" name=\"register\" value=\"Registrieren\" class=\"woocommerce-Button woocommerce-button button woocommerce-form-register__submit\">Registrieren</button> aka getByRole(AriaRole.BUTTON, new Page.GetByRoleOptions().setName(\"Registrieren\"))\n    3) <button type=\"submit\" value=\"Suchen\" aria-label=\"Overmitteln\" class=\"ux-search-submit submit-button secondary button  icon mb-0\">…</button> aka getByRole(AriaRole.BUTTON, new Page.GetByRoleOptions().setName(\"Overmitteln\"))\n    4) <button type=\"submit\" value=\"Suchen\" aria-label=\"Übermitteln\" class=\"ux-search-submit submit-button secondary button  icon mb-0\">…</button> aka getByLabel(\"Übermitteln\")\n\n    at CRExecutionContext.evaluateWithArguments (/tmp/playwright-java-8816851871948610587/package/lib/server/chromium/crExecutionContext.js:80:13)\n    at async LongStandingScope._race (/tmp/playwright-java-8816851871948610587/package/lib/utils/isomorphic/manualPromise.js:94:14)\n    at async evaluateExpression (/tmp/playwright-java-8816851871948610587/package/lib/server/javascript.js:217:12)\n    at async /tmp/playwright-java-8816851871948610587/package/lib/server/frames.js:621:22\n    at async Frame.retryWithProgressAndTimeouts (/tmp/playwright-java-8816851871948610587/package/lib/server/frames.js:871:24)\n    at async FrameDispatcher.waitForSelector (/tmp/playwright-java-8816851871948610587/package/lib/server/dispatchers/frameDispatcher.js:82:98)\n    at async ProgressController.run (/tmp/playwright-java-8816851871948610587/package/lib/server/progress.js:139:41)\n    at async FrameDispatcher._runCommand (/tmp/playwright-java-8816851871948610587/package/lib/server/dispatchers/dispatcher.js:91:14)\n    at async DispatcherConnection.dispatch (/tmp/playwright-java-8816851871948610587/package/lib/server/dispatchers/dispatcher.js:322:22)\n}\nCall log:\n-   - waiting for locator(\"button[name='login'], .woocommerce-form-login__submit, button[type='submit']\") to be visible\n\n\tat com.microsoft.playwright.impl.Connection.dispatch(Connection.java:262)\n\tat com.microsoft.playwright.impl.Connection.processOneMessage(Connection.java:214)\n\tat com.microsoft.playwright.impl.ChannelOwner.runUntil(ChannelOwner.java:136)\n\t... 10 more\n","flaky":false,"newFailed":false,"newBroken":false,"newPassed":false,"retriesCount":0,"retriesStatusChange":false,"beforeStages":[{"name":"beforeAll","time":{"start":1763738385288,"stop":1763738385654,"duration":366},"status":"passed","steps":[],"attachments":[],"parameters":[],"shouldDisplayMessage":false,"stepsCount":0,"attachmentsCount":0,"hasContent":false,"attachmentStep":false},{"name":"beforeEach","time":{"start":1763738385664,"stop":1763738385706,"duration":42},"status":"passed","steps":[],"attachments":[],"parameters":[],"shouldDisplayMessage":false,"stepsCount":0,"attachmentsCount":0,"hasContent":false,"attachmentStep":false},{"name":"loginAsDefinedUser","time":{"start":1763738385706,"stop":1763738389726,"duration":4020},"status":"broken","statusMessage":"Error {\n  message='Error: strict mode violation: locator(\"button[name='login'], .woocommerce-form-login__submit, button[type='submit']\") resolved to 4 elements:\n    1) <button name=\"login\" type=\"submit\" value=\"Anmelden\" class=\"woocommerce-button button woocommerce-form-login__submit\">Anmelden</button> aka getByRole(AriaRole.BUTTON, new Page.GetByRoleOptions().setName(\"Anmelden\"))\n    2) <button type=\"submit\" name=\"register\" value=\"Registrieren\" class=\"woocommerce-Button woocommerce-button button woocommerce-form-register__submit\">Registrieren</button> aka getByRole(AriaRole.BUTTON, new Page.GetByRoleOptions().setName(\"Registrieren\"))\n    3) <button type=\"submit\" value=\"Suchen\" aria-label=\"Overmitteln\" class=\"ux-search-submit submit-button secondary button  icon mb-0\">…</button> aka getByRole(AriaRole.BUTTON, new Page.GetByRoleOptions().setName(\"Overmitteln\"))\n    4) <button type=\"submit\" value=\"Suchen\" aria-label=\"Übermitteln\" class=\"ux-search-submit submit-button secondary button  icon mb-0\">…</button> aka getByLabel(\"Übermitteln\")\n\n  name='Error\n  stack='Error: Error: strict mode violation: locator(\"button[name='login'], .woocommerce-form-login__submit, button[type='submit']\") resolved to 4 elements:\n    1) <button name=\"login\" type=\"submit\" value=\"Anmelden\" class=\"woocommerce-button button woocommerce-form-login__submit\">Anmelden</button> aka getByRole(AriaRole.BUTTON, new Page.GetByRoleOptions().setName(\"Anmelden\"))\n    2) <button type=\"submit\" name=\"register\" value=\"Registrieren\" class=\"woocommerce-Button woocommerce-button button woocommerce-form-register__submit\">Registrieren</button> aka getByRole(AriaRole.BUTTON, new Page.GetByRoleOptions().setName(\"Registrieren\"))\n    3) <button type=\"submit\" value=\"Suchen\" aria-label=\"Overmitteln\" class=\"ux-search-submit submit-button secondary button  icon mb-0\">…</button> aka getByRole(AriaRole.BUTTON, new Page.GetByRoleOptions().setName(\"Overmitteln\"))\n    4) <button type=\"submit\" value=\"Suchen\" aria-label=\"Übermitteln\" class=\"ux-search-submit submit-button secondary button  icon mb-0\">…</button> aka getByLabel(\"Übermitteln\")\n\n    at CRExecutionContext.evaluateWithArguments (/tmp/playwright-java-8816851871948610587/package/lib/server/chromium/crExecutionContext.js:80:13)\n    at async LongStandingScope._race (/tmp/playwright-java-8816851871948610587/package/lib/utils/isomorphic/manualPromise.js:94:14)\n    at async evaluateExpression (/tmp/playwright-java-8816851871948610587/package/lib/server/javascript.js:217:12)\n    at async /tmp/playwright-java-8816851871948610587/package/lib/server/frames.js:621:22\n    at async Frame.retryWithProgressAndTimeouts (/tmp/playwright-java-8816851871948610587/package/lib/server/frames.js:871:24)\n    at async FrameDispatcher.waitForSelector (/tmp/playwright-java-8816851871948610587/package/lib/server/dispatchers/frameDispatcher.js:82:98)\n    at async ProgressController.run (/tmp/playwright-java-8816851871948610587/package/lib/server/progress.js:139:41)\n    at async FrameDispatcher._runCommand (/tmp/playwright-java-8816851871948610587/package/lib/server/dispatchers/dispatcher.js:91:14)\n    at async DispatcherConnection.dispatch (/tmp/playwright-java-8816851871948610587/package/lib/server/dispatchers/dispatcher.js:322:22)\n}\nCall log:\n-   - waiting for locator(\"button[name='login'], .woocommerce-form-login__submit, button[type='submit']\") to be visible\n","statusTrace":"com.microsoft.playwright.PlaywrightException: Error {\n  message='Error: strict mode violation: locator(\"button[name='login'], .woocommerce-form-login__submit, button[type='submit']\") resolved to 4 elements:\n    1) <button name=\"login\" type=\"submit\" value=\"Anmelden\" class=\"woocommerce-button button woocommerce-form-login__submit\">Anmelden</button> aka getByRole(AriaRole.BUTTON, new Page.GetByRoleOptions().setName(\"Anmelden\"))\n    2) <button type=\"submit\" name=\"register\" value=\"Registrieren\" class=\"woocommerce-Button woocommerce-button button woocommerce-form-register__submit\">Registrieren</button> aka getByRole(AriaRole.BUTTON, new Page.GetByRoleOptions().setName(\"Registrieren\"))\n    3) <button type=\"submit\" value=\"Suchen\" aria-label=\"Overmitteln\" class=\"ux-search-submit submit-button secondary button  icon mb-0\">…</button> aka getByRole(AriaRole.BUTTON, new Page.GetByRoleOptions().setName(\"Overmitteln\"))\n    4) <button type=\"submit\" value=\"Suchen\" aria-label=\"Übermitteln\" class=\"ux-search-submit submit-button secondary button  icon mb-0\">…</button> aka getByLabel(\"Übermitteln\")\n\n  name='Error\n  stack='Error: Error: strict mode violation: locator(\"button[name='login'], .woocommerce-form-login__submit, button[type='submit']\") resolved to 4 elements:\n    1) <button name=\"login\" type=\"submit\" value=\"Anmelden\" class=\"woocommerce-button button woocommerce-form-login__submit\">Anmelden</button> aka getByRole(AriaRole.BUTTON, new Page.GetByRoleOptions().setName(\"Anmelden\"))\n    2) <button type=\"submit\" name=\"register\" value=\"Registrieren\" class=\"woocommerce-Button woocommerce-button button woocommerce-form-register__submit\">Registrieren</button> aka getByRole(AriaRole.BUTTON, new Page.GetByRoleOptions().setName(\"Registrieren\"))\n    3) <button type=\"submit\" value=\"Suchen\" aria-label=\"Overmitteln\" class=\"ux-search-submit submit-button secondary button  icon mb-0\">…</button> aka getByRole(AriaRole.BUTTON, new Page.GetByRoleOptions().setName(\"Overmitteln\"))\n    4) <button type=\"submit\" value=\"Suchen\" aria-label=\"Übermitteln\" class=\"ux-search-submit submit-button secondary button  icon mb-0\">…</button> aka getByLabel(\"Übermitteln\")\n\n    at CRExecutionContext.evaluateWithArguments (/tmp/playwright-java-8816851871948610587/package/lib/server/chromium/crExecutionContext.js:80:13)\n    at async LongStandingScope._race (/tmp/playwright-java-8816851871948610587/package/lib/utils/isomorphic/manualPromise.js:94:14)\n    at async evaluateExpression (/tmp/playwright-java-8816851871948610587/package/lib/server/javascript.js:217:12)\n    at async /tmp/playwright-java-8816851871948610587/package/lib/server/frames.js:621:22\n    at async Frame.retryWithProgressAndTimeouts (/tmp/playwright-java-8816851871948610587/package/lib/server/frames.js:871:24)\n    at async FrameDispatcher.waitForSelector (/tmp/playwright-java-8816851871948610587/package/lib/server/dispatchers/frameDispatcher.js:82:98)\n    at async ProgressController.run (/tmp/playwright-java-8816851871948610587/package/lib/server/progress.js:139:41)\n    at async FrameDispatcher._runCommand (/tmp/playwright-java-8816851871948610587/package/lib/server/dispatchers/dispatcher.js:91:14)\n    at async DispatcherConnection.dispatch (/tmp/playwright-java-8816851871948610587/package/lib/server/dispatchers/dispatcher.js:322:22)\n}\nCall log:\n-   - waiting for locator(\"button[name='login'], .woocommerce-form-login__submit, button[type='submit']\") to be visible\n\n\tat com.microsoft.playwright.impl.WaitableResult.get(WaitableResult.java:56)\n\tat com.microsoft.playwright.impl.ChannelOwner.runUntil(ChannelOwner.java:138)\n\tat com.microsoft.playwright.impl.Connection.sendMessage(Connection.java:131)\n\tat com.microsoft.playwright.impl.ChannelOwner.sendMessage(ChannelOwner.java:124)\n\tat com.microsoft.playwright.impl.FrameImpl.waitForSelectorImpl(FrameImpl.java:985)\n\tat com.microsoft.playwright.impl.LocatorImpl.waitFor(LocatorImpl.java:625)\n\tat tests.changePassword.ChangePasswordTests.loginAsDefinedUser(ChangePasswordTests.java:32)\n\tat java.base/jdk.internal.reflect.DirectMethodHandleAccessor.invoke(DirectMethodHandleAccessor.java:103)\n\tat java.base/java.lang.reflect.Method.invoke(Method.java:580)\n\tat org.junit.platform.commons.util.ReflectionUtils.invokeMethod(ReflectionUtils.java:787)\n\tat org.junit.platform.commons.support.ReflectionSupport.invokeMethod(ReflectionSupport.java:478)\n\tat org.junit.jupiter.engine.execution.MethodInvocation.proceed(MethodInvocation.java:60)\n\tat org.junit.jupiter.engine.execution.InvocationInterceptorChain$ValidatingInvocation.proceed(InvocationInterceptorChain.java:131)\n\tat io.qameta.allure.junit5.AllureJunit5.processFixture(AllureJunit5.java:138)\n\tat io.qameta.allure.junit5.AllureJunit5.interceptBeforeEachMethod(AllureJunit5.java:116)\n\tat org.junit.jupiter.engine.execution.InterceptingExecutableInvoker$ReflectiveInterceptorCall.lambda$ofVoidMethod$0(InterceptingExecutableInvoker.java:112)\n\tat org.junit.jupiter.engine.execution.InterceptingExecutableInvoker.lambda$invoke$0(InterceptingExecutableInvoker.java:94)\n\tat org.junit.jupiter.engine.execution.InvocationInterceptorChain$InterceptedInvocation.proceed(InvocationInterceptorChain.java:106)\n\tat org.junit.jupiter.engine.extension.TimeoutExtension.intercept(TimeoutExtension.java:161)\n\tat org.junit.jupiter.engine.extension.TimeoutExtension.interceptLifecycleMethod(TimeoutExtension.java:133)\n\tat org.junit.jupiter.engine.extension.TimeoutExtension.interceptBeforeEachMethod(TimeoutExtension.java:83)\n\tat org.junit.jupiter.engine.execution.InterceptingExecutableInvoker$ReflectiveInterceptorCall.lambda$ofVoidMethod$0(InterceptingExecutableInvoker.java:112)\n\tat org.junit.jupiter.engine.execution.InterceptingExecutableInvoker.lambda$invoke$0(InterceptingExecutableInvoker.java:94)\n\tat org.junit.jupiter.engine.execution.InvocationInterceptorChain$InterceptedInvocation.proceed(InvocationInterceptorChain.java:106)\n\tat org.junit.jupiter.engine.execution.InvocationInterceptorChain.proceed(InvocationInterceptorChain.java:64)\n\tat org.junit.jupiter.engine.execution.InvocationInterceptorChain.chainAndInvoke(InvocationInterceptorChain.java:45)\n\tat org.junit.jupiter.engine.execution.InvocationInterceptorChain.invoke(InvocationInterceptorChain.java:37)\n\tat org.junit.jupiter.engine.execution.InterceptingExecutableInvoker.invoke(InterceptingExecutableInvoker.java:93)\n\tat org.junit.jupiter.engine.execution.InterceptingExecutableInvoker.invoke(InterceptingExecutableInvoker.java:87)\n\tat org.junit.jupiter.engine.descriptor.ClassBasedTestDescriptor.invokeMethodInExtensionContext(ClassBasedTestDescriptor.java:547)\n\tat org.junit.jupiter.engine.descriptor.ClassBasedTestDescriptor.lambda$synthesizeBeforeEachMethodAdapter$20(ClassBasedTestDescriptor.java:532)\n\tat org.junit.jupiter.engine.descriptor.TestMethodTestDescriptor.lambda$invokeBeforeEachMethods$2(TestMethodTestDescriptor.java:193)\n\tat org.junit.jupiter.engine.descriptor.CallbackSupport.lambda$invokeBeforeCallbacks$0(CallbackSupport.java:34)\n\tat org.junit.platform.engine.support.hierarchical.ThrowableCollector.execute(ThrowableCollector.java:73)\n\tat org.junit.jupiter.engine.descriptor.CallbackSupport.invokeBeforeCallbacks(CallbackSupport.java:34)\n\tat org.junit.jupiter.engine.descriptor.TestMethodTestDescriptor.invokeBeforeEachMethods(TestMethodTestDescriptor.java:191)\n\tat org.junit.jupiter.engine.descriptor.TestMethodTestDescriptor.execute(TestMethodTestDescriptor.java:155)\n\tat org.junit.jupiter.engine.descriptor.TestMethodTestDescriptor.execute(TestMethodTestDescriptor.java:70)\n\tat org.junit.platform.engine.support.hierarchical.NodeTestTask.lambda$executeRecursively$6(NodeTestTask.java:157)\n\tat org.junit.platform.engine.support.hierarchical.ThrowableCollector.execute(ThrowableCollector.java:73)\n\tat org.junit.platform.engine.support.hierarchical.NodeTestTask.lambda$executeRecursively$8(NodeTestTask.java:147)\n\tat org.junit.platform.engine.support.hierarchical.Node.around(Node.java:137)\n\tat org.junit.platform.engine.support.hierarchical.NodeTestTask.lambda$executeRecursively$9(NodeTestTask.java:145)\n\tat org.junit.platform.engine.support.hierarchical.ThrowableCollector.execute(ThrowableCollector.java:73)\n\tat org.junit.platform.engine.support.hierarchical.NodeTestTask.executeRecursively(NodeTestTask.java:144)\n\tat org.junit.platform.engine.support.hierarchical.NodeTestTask.execute(NodeTestTask.java:101)\n\tat java.base/java.util.ArrayList.forEach(ArrayList.java:1596)\n\tat org.junit.platform.engine.support.hierarchical.SameThreadHierarchicalTestExecutorService.invokeAll(SameThreadHierarchicalTestExecutorService.java:41)\n\tat org.junit.platform.engine.support.hierarchical.NodeTestTask.lambda$executeRecursively$6(NodeTestTask.java:161)\n\tat org.junit.platform.engine.support.hierarchical.ThrowableCollector.execute(ThrowableCollector.java:73)\n\tat org.junit.platform.engine.support.hierarchical.NodeTestTask.lambda$executeRecursively$8(NodeTestTask.java:147)\n\tat org.junit.platform.engine.support.hierarchical.Node.around(Node.java:137)\n\tat org.junit.platform.engine.support.hierarchical.NodeTestTask.lambda$executeRecursively$9(NodeTestTask.java:145)\n\tat org.junit.platform.engine.support.hierarchical.ThrowableCollector.execute(ThrowableCollector.java:73)\n\tat org.junit.platform.engine.support.hierarchical.NodeTestTask.executeRecursively(NodeTestTask.java:144)\n\tat org.junit.platform.engine.support.hierarchical.NodeTestTask.execute(NodeTestTask.java:101)\n\tat java.base/java.util.ArrayList.forEach(ArrayList.java:1596)\n\tat org.junit.platform.engine.support.hierarchical.SameThreadHierarchicalTestExecutorService.invokeAll(SameThreadHierarchicalTestExecutorService.java:41)\n\tat org.junit.platform.engine.support.hierarchical.NodeTestTask.lambda$executeRecursively$6(NodeTestTask.java:161)\n\tat org.junit.platform.engine.support.hierarchical.ThrowableCollector.execute(ThrowableCollector.java:73)\n\tat org.junit.platform.engine.support.hierarchical.NodeTestTask.lambda$executeRecursively$8(NodeTestTask.java:147)\n\tat org.junit.platform.engine.support.hierarchical.Node.around(Node.java:137)\n\tat org.junit.platform.engine.support.hierarchical.NodeTestTask.lambda$executeRecursively$9(NodeTestTask.java:145)\n\tat org.junit.platform.engine.support.hierarchical.ThrowableCollector.execute(ThrowableCollector.java:73)\n\tat org.junit.platform.engine.support.hierarchical.NodeTestTask.executeRecursively(NodeTestTask.java:144)\n\tat org.junit.platform.engine.support.hierarchical.NodeTestTask.execute(NodeTestTask.java:101)\n\tat org.junit.platform.engine.support.hierarchical.SameThreadHierarchicalTestExecutorService.submit(SameThreadHierarchicalTestExecutorService.java:35)\n\tat org.junit.platform.engine.support.hierarchical.HierarchicalTestExecutor.execute(HierarchicalTestExecutor.java:57)\n\tat org.junit.platform.engine.support.hierarchical.HierarchicalTestEngine.execute(HierarchicalTestEngine.java:54)\n\tat org.junit.platform.launcher.core.EngineExecutionOrchestrator.executeEngine(EngineExecutionOrchestrator.java:230)\n\tat org.junit.platform.launcher.core.EngineExecutionOrchestrator.failOrExecuteEngine(EngineExecutionOrchestrator.java:204)\n\tat org.junit.platform.launcher.core.EngineExecutionOrchestrator.execute(EngineExecutionOrchestrator.java:172)\n\tat org.junit.platform.launcher.core.EngineExecutionOrchestrator.execute(EngineExecutionOrchestrator.java:101)\n\tat org.junit.platform.launcher.core.EngineExecutionOrchestrator.lambda$execute$0(EngineExecutionOrchestrator.java:64)\n\tat org.junit.platform.launcher.core.EngineExecutionOrchestrator.withInterceptedStreams(EngineExecutionOrchestrator.java:150)\n\tat org.junit.platform.launcher.core.EngineExecutionOrchestrator.execute(EngineExecutionOrchestrator.java:63)\n\tat org.junit.platform.launcher.core.DefaultLauncher.execute(DefaultLauncher.java:109)\n\tat org.junit.platform.launcher.core.DefaultLauncher.execute(DefaultLauncher.java:91)\n\tat org.junit.platform.launcher.core.DelegatingLauncher.execute(DelegatingLauncher.java:47)\n\tat org.junit.platform.launcher.core.InterceptingLauncher.lambda$execute$1(InterceptingLauncher.java:39)\n\tat org.junit.platform.launcher.core.ClasspathAlignmentCheckingLauncherInterceptor.intercept(ClasspathAlignmentCheckingLauncherInterceptor.java:25)\n\tat org.junit.platform.launcher.core.InterceptingLauncher.execute(InterceptingLauncher.java:38)\n\tat org.junit.platform.launcher.core.DelegatingLauncher.execute(DelegatingLauncher.java:47)\n\tat org.apache.maven.surefire.junitplatform.LazyLauncher.execute(LazyLauncher.java:56)\n\tat org.apache.maven.surefire.junitplatform.JUnitPlatformProvider.execute(JUnitPlatformProvider.java:184)\n\tat org.apache.maven.surefire.junitplatform.JUnitPlatformProvider.invokeAllTests(JUnitPlatformProvider.java:148)\n\tat org.apache.maven.surefire.junitplatform.JUnitPlatformProvider.invoke(JUnitPlatformProvider.java:122)\n\tat org.apache.maven.surefire.booter.ForkedBooter.runSuitesInProcess(ForkedBooter.java:385)\n\tat org.apache.maven.surefire.booter.ForkedBooter.execute(ForkedBooter.java:162)\n\tat org.apache.maven.surefire.booter.ForkedBooter.run(ForkedBooter.java:507)\n\tat org.apache.maven.surefire.booter.ForkedBooter.main(ForkedBooter.java:495)\nCaused by: com.microsoft.playwright.impl.DriverException: Error {\n  message='Error: strict mode violation: locator(\"button[name='login'], .woocommerce-form-login__submit, button[type='submit']\") resolved to 4 elements:\n    1) <button name=\"login\" type=\"submit\" value=\"Anmelden\" class=\"woocommerce-button button woocommerce-form-login__submit\">Anmelden</button> aka getByRole(AriaRole.BUTTON, new Page.GetByRoleOptions().setName(\"Anmelden\"))\n    2) <button type=\"submit\" name=\"register\" value=\"Registrieren\" class=\"woocommerce-Button woocommerce-button button woocommerce-form-register__submit\">Registrieren</button> aka getByRole(AriaRole.BUTTON, new Page.GetByRoleOptions().setName(\"Registrieren\"))\n    3) <button type=\"submit\" value=\"Suchen\" aria-label=\"Overmitteln\" class=\"ux-search-submit submit-button secondary button  icon mb-0\">…</button> aka getByRole(AriaRole.BUTTON, new Page.GetByRoleOptions().setName(\"Overmitteln\"))\n    4) <button type=\"submit\" value=\"Suchen\" aria-label=\"Übermitteln\" class=\"ux-search-submit submit-button secondary button  icon mb-0\">…</button> aka getByLabel(\"Übermitteln\")\n\n  name='Error\n  stack='Error: Error: strict mode violation: locator(\"button[name='login'], .woocommerce-form-login__submit, button[type='submit']\") resolved to 4 elements:\n    1) <button name=\"login\" type=\"submit\" value=\"Anmelden\" class=\"woocommerce-button button woocommerce-form-login__submit\">Anmelden</button> aka getByRole(AriaRole.BUTTON, new Page.GetByRoleOptions().setName(\"Anmelden\"))\n    2) <button type=\"submit\" name=\"register\" value=\"Registrieren\" class=\"woocommerce-Button woocommerce-button button woocommerce-form-register__submit\">Registrieren</button> aka getByRole(AriaRole.BUTTON, new Page.GetByRoleOptions().setName(\"Registrieren\"))\n    3) <button type=\"submit\" value=\"Suchen\" aria-label=\"Overmitteln\" class=\"ux-search-submit submit-button secondary button  icon mb-0\">…</button> aka getByRole(AriaRole.BUTTON, new Page.GetByRoleOptions().setName(\"Overmitteln\"))\n    4) <button type=\"submit\" value=\"Suchen\" aria-label=\"Übermitteln\" class=\"ux-search-submit submit-button secondary button  icon mb-0\">…</button> aka getByLabel(\"Übermitteln\")\n\n    at CRExecutionContext.evaluateWithArguments (/tmp/playwright-java-8816851871948610587/package/lib/server/chromium/crExecutionContext.js:80:13)\n    at async LongStandingScope._race (/tmp/playwright-java-8816851871948610587/package/lib/utils/isomorphic/manualPromise.js:94:14)\n    at async evaluateExpression (/tmp/playwright-java-8816851871948610587/package/lib/server/javascript.js:217:12)\n    at async /tmp/playwright-java-8816851871948610587/package/lib/server/frames.js:621:22\n    at async Frame.retryWithProgressAndTimeouts (/tmp/playwright-java-8816851871948610587/package/lib/server/frames.js:871:24)\n    at async FrameDispatcher.waitForSelector (/tmp/playwright-java-8816851871948610587/package/lib/server/dispatchers/frameDispatcher.js:82:98)\n    at async ProgressController.run (/tmp/playwright-java-8816851871948610587/package/lib/server/progress.js:139:41)\n    at async FrameDispatcher._runCommand (/tmp/playwright-java-8816851871948610587/package/lib/server/dispatchers/dispatcher.js:91:14)\n    at async DispatcherConnection.dispatch (/tmp/playwright-java-8816851871948610587/package/lib/server/dispatchers/dispatcher.js:322:22)\n}\nCall log:\n-   - waiting for locator(\"button[name='login'], .woocommerce-form-login__submit, button[type='submit']\") to be visible\n\n\tat com.microsoft.playwright.impl.Connection.dispatch(Connection.java:262)\n\tat com.microsoft.playwright.impl.Connection.processOneMessage(Connection.java:214)\n\tat com.microsoft.playwright.impl.ChannelOwner.runUntil(ChannelOwner.java:136)\n\t... 89 more\n","steps":[{"name":"Open Main page","time":{"start":1763738385707,"stop":1763738388860,"duration":3153},"status":"passed","steps":[],"attachments":[],"parameters":[],"shouldDisplayMessage":false,"stepsCount":0,"attachmentsCount":0,"hasContent":false,"attachmentStep":false},{"name":"Click 'Account' button","time":{"start":1763738388860,"stop":1763738389538,"duration":678},"status":"passed","steps":[],"attachments":[],"parameters":[],"shouldDisplayMessage":false,"stepsCount":0,"attachmentsCount":0,"hasContent":false,"attachmentStep":false}],"attachments":[],"parameters":[],"shouldDisplayMessage":true,"stepsCount":2,"attachmentsCount":0,"hasContent":true,"attachmentStep":false}],"afterStages":[{"name":"afterEach","time":{"start":1763738389728,"stop":1763738390458,"duration":730},"status":"passed","steps":[],"attachments":[{"uid":"8e03f7429e6d8f73","name":"Скриншот","source":"8e03f7429e6d8f73.png","type":"image/png","size":129726}],"parameters":[],"shouldDisplayMessage":false,"stepsCount":0,"attachmentsCount":1,"hasContent":true,"attachmentStep":false},{"name":"afterAll","time":{"start":1763738404945,"stop":1763738404992,"duration":47},"status":"passed","steps":[],"attachments":[],"parameters":[],"shouldDisplayMessage":false,"stepsCount":0,"attachmentsCount":0,"hasContent":false,"attachmentStep":false}],"labels":[{"name":"junit.platform.uniqueid","value":"[engine:junit-jupiter]/[class:tests.changePassword.ChangePasswordTests]/[method:changePasswordWithIncorrectCurrentPassword()]"},{"name":"feature","value":"User Registration"},{"name":"epic","value":"UI Tests"},{"name":"owner","value":"Pavlusenko"},{"name":"host","value":"runnervmg1sw1"},{"name":"thread","value":"2207@runnervmg1sw1.main(1)"},{"name":"framework","value":"junit-platform"},{"name":"language","value":"java"},{"name":"package","value":"tests.changePassword.ChangePasswordTests"},{"name":"testClass","value":"tests.changePassword.ChangePasswordTests"},{"name":"testMethod","value":"changePasswordWithIncorrectCurrentPassword"},{"name":"suite","value":"Check change password functionality"},{"name":"resultFormat","value":"allure2"}],"parameters":[],"links":[],"hidden":false,"retry":false,"extra":{"severity":"normal","owner":"Pavlusenko","retries":[],"categories":[{"name":"Test defects","matchedStatuses":[],"flaky":false}],"history":{"statistic":{"failed":0,"broken":3,"skipped":0,"passed":0,"unknown":0,"total":3},"items":[{"uid":"38d10c1f6afc14eb","status":"broken","statusDetails":"Error {\n  message='value: expected string, got undefined\n  name='Error\n  stack='Error: value: expected string, got undefined\n    at tString (/tmp/playwright-java-17786667430583431260/package/lib/protocol/validatorPrimitives.js:75:9)\n    at /tmp/playwright-java-17786667430583431260/package/lib/protocol/validatorPrimitives.js:127:21\n    at DispatcherConnection.dispatch (/tmp/playwright-java-17786667430583431260/package/lib/server/dispatchers/dispatcher.js:264:21)\n    at transport.onmessage (/tmp/playwright-java-17786667430583431260/package/lib/cli/driver.js:53:59)\n    at Immediate._onImmediate (/tmp/playwright-java-17786667430583431260/package/lib/server/utils/pipeTransport.js:76:16)\n    at process.processImmediate (node:internal/timers:485:21)\n}","time":{"start":1763736698082,"stop":1763736703424,"duration":5342}},{"uid":"da241d3efe4a392b","status":"broken","statusDetails":"Error {\n  message='value: expected string, got undefined\n  name='Error\n  stack='Error: value: expected string, got undefined\n    at tString (/tmp/playwright-java-6859504825788153342/package/lib/protocol/validatorPrimitives.js:75:9)\n    at /tmp/playwright-java-6859504825788153342/package/lib/protocol/validatorPrimitives.js:127:21\n    at DispatcherConnection.dispatch (/tmp/playwright-java-6859504825788153342/package/lib/server/dispatchers/dispatcher.js:264:21)\n    at transport.onmessage (/tmp/playwright-java-6859504825788153342/package/lib/cli/driver.js:53:59)\n    at Immediate._onImmediate (/tmp/playwright-java-6859504825788153342/package/lib/server/utils/pipeTransport.js:76:16)\n    at process.processImmediate (node:internal/timers:485:21)\n}","time":{"start":1763735326077,"stop":1763735331053,"duration":4976}}]},"tags":[]},"source":"6f164d1a0843c118.json","parameterValues":[]}